
> starter@1.0.0 e2e:base /Users/emily/Desktop/inclass-14
> mocha --opts e2e/mocha.opts e2e/*.spec.js "--reporter" "xunit"

<testsuite name="Mocha Tests" tests="3" failures="0" errors="0" skipped="0" timestamp="Thu, 02 Mar 2017 07:02:02 GMT" time="18.286">
<testcase classname="Test Dummy Server Example Page" name="should log in as the test user" time="0.543"/>
<testcase classname="Test Dummy Server Example Page" name="Update the headline and verify the change" time="10.822"/>
<testcase classname="shutdown" name="now" time="0.135"/>
</testsuite>
