{"/Users/emily/Desktop/hw5/src/actions.js":{"path":"/Users/emily/Desktop/hw5/src/actions.js","s":{"1":1,"2":1,"3":1,"4":1,"5":1,"6":1,"7":1,"8":1,"9":1,"10":1,"11":1,"12":1,"13":1,"14":1,"15":1,"16":0,"17":1,"18":0,"19":1,"20":0,"21":1,"22":0,"23":1,"24":0,"25":1,"26":1,"27":1,"28":1,"29":1,"30":0,"31":0,"32":0,"33":0},"b":{"1":[0,1],"2":[1,1],"3":[1,0],"4":[0,0],"5":[0,0]},"f":{"1":1,"2":0,"3":0,"4":0,"5":0,"6":0,"7":1,"8":0},"fnMap":{"1":{"name":"_interopRequireDefault","line":17,"loc":{"start":{"line":0,"column":0},"end":{"line":0,"column":0},"skip":true},"skip":true},"2":{"name":"showError","line":50,"loc":{"start":{"line":34,"column":7},"end":{"line":34,"column":30}}},"3":{"name":"showSuccess","line":54,"loc":{"start":{"line":39,"column":7},"end":{"line":39,"column":32}}},"4":{"name":"toProfile","line":58,"loc":{"start":{"line":43,"column":7},"end":{"line":43,"column":28}}},"5":{"name":"toMain","line":61,"loc":{"start":{"line":46,"column":7},"end":{"line":46,"column":25}}},"6":{"name":"toLanding","line":64,"loc":{"start":{"line":49,"column":7},"end":{"line":49,"column":28}}},"7":{"name":"resource","line":68,"loc":{"start":{"line":53,"column":24},"end":{"line":53,"column":55}}},"8":{"name":"(anonymous_8)","line":78,"loc":{"start":{"line":64,"column":10},"end":{"line":64,"column":17}}}},"statementMap":{"1":{"start":{"line":0,"column":0},"end":{"line":0,"column":0},"skip":true},"2":{"start":{"line":0,"column":0},"end":{"line":0,"column":0},"skip":true},"3":{"start":{"line":0,"column":0},"end":{"line":0,"column":0},"skip":true},"4":{"start":{"line":0,"column":0},"end":{"line":0,"column":0},"skip":true},"5":{"start":{"line":0,"column":0},"end":{"line":0,"column":0},"skip":true},"6":{"start":{"line":0,"column":0},"end":{"line":0,"column":0},"skip":true},"7":{"start":{"line":0,"column":0},"end":{"line":0,"column":0},"skip":true},"8":{"start":{"line":2,"column":0},"end":{"line":2,"column":0}},"9":{"start":{"line":0,"column":0},"end":{"line":0,"column":0},"skip":true},"10":{"start":{"line":0,"column":0},"end":{"line":0,"column":0},"skip":true},"11":{"start":{"line":0,"column":0},"end":{"line":0,"column":0},"skip":true},"12":{"start":{"line":1,"column":-8},"end":{"line":1,"column":-8}},"13":{"start":{"line":3,"column":0},"end":{"line":3,"column":0}},"14":{"start":{"line":0,"column":0},"end":{"line":0,"column":0},"skip":true},"15":{"start":{"line":34,"column":7},"end":{"line":36,"column":5}},"16":{"start":{"line":35,"column":4},"end":{"line":35,"column":4}},"17":{"start":{"line":39,"column":7},"end":{"line":41,"column":1}},"18":{"start":{"line":40,"column":4},"end":{"line":40,"column":4}},"19":{"start":{"line":43,"column":7},"end":{"line":45,"column":1}},"20":{"start":{"line":44,"column":3},"end":{"line":44,"column":3}},"21":{"start":{"line":46,"column":7},"end":{"line":48,"column":1}},"22":{"start":{"line":47,"column":3},"end":{"line":47,"column":3}},"23":{"start":{"line":49,"column":7},"end":{"line":51,"column":1}},"24":{"start":{"line":50,"column":3},"end":{"line":50,"column":3}},"25":{"start":{"line":53,"column":7},"end":{"line":53,"column":7}},"26":{"start":{"line":54,"column":2},"end":{"line":54,"column":2}},"27":{"start":{"line":61,"column":2},"end":{"line":61,"column":15}},"28":{"start":{"line":61,"column":15},"end":{"line":61,"column":15}},"29":{"start":{"line":63,"column":2},"end":{"line":63,"column":2}},"30":{"start":{"line":65,"column":6},"end":{"line":71,"column":7}},"31":{"start":{"line":66,"column":8},"end":{"line":66,"column":8}},"32":{"start":{"line":69,"column":8},"end":{"line":69,"column":8}},"33":{"start":{"line":70,"column":8},"end":{"line":70,"column":8}}},"branchMap":{"1":{"line":17,"type":"cond-expr","locations":[{"start":{"line":0,"column":0},"end":{"line":0,"column":0},"skip":true},{"start":{"line":0,"column":0},"end":{"line":0,"column":0},"skip":true}]},"2":{"line":17,"type":"binary-expr","locations":[{"start":{"line":0,"column":0},"end":{"line":0,"column":0},"skip":true},{"start":{"line":0,"column":0},"end":{"line":0,"column":0},"skip":true}]},"3":{"line":76,"type":"if","locations":[{"start":{"line":61,"column":2},"end":{"line":61,"column":2}},{"start":{"line":61,"column":2},"end":{"line":61,"column":2}}]},"4":{"line":79,"type":"if","locations":[{"start":{"line":65,"column":6},"end":{"line":65,"column":6}},{"start":{"line":65,"column":6},"end":{"line":65,"column":6}}]},"5":{"line":80,"type":"cond-expr","locations":[{"start":{"line":66,"column":69},"end":{"line":66,"column":15}},{"start":{"line":66,"column":80},"end":{"line":66,"column":8}}]}}},"/Users/emily/Desktop/hw5/src/actions.spec.js":{"path":"/Users/emily/Desktop/hw5/src/actions.spec.js","s":{"1":1,"2":1,"3":1,"4":1,"5":1,"6":1,"7":2,"8":1,"9":0,"10":0,"11":0,"12":0,"13":0,"14":0,"15":0,"16":0,"17":0,"18":0,"19":0,"20":0,"21":0,"22":0,"23":0,"24":0,"25":0,"26":0,"27":0,"28":0,"29":0,"30":0,"31":0,"32":0,"33":0,"34":0,"35":0,"36":0,"37":0,"38":0,"39":0,"40":0,"41":0,"42":0},"b":{"1":[0,2],"2":[2,2],"3":[0,0],"4":[0,0]},"f":{"1":2,"2":0,"3":0,"4":0,"5":0,"6":0,"7":0,"8":0,"9":0,"10":0,"11":0,"12":0,"13":0},"fnMap":{"1":{"name":"_interopRequireDefault","line":13,"loc":{"start":{"line":0,"column":0},"end":{"line":0,"column":0},"skip":true},"skip":true},"2":{"name":"(anonymous_2)","line":15,"loc":{"start":{"line":7,"column":29},"end":{"line":7,"column":35}}},"3":{"name":"(anonymous_3)","line":21,"loc":{"start":{"line":10,"column":13},"end":{"line":10,"column":19}}},"4":{"name":"(anonymous_4)","line":33,"loc":{"start":{"line":22,"column":12},"end":{"line":22,"column":18}}},"5":{"name":"(anonymous_5)","line":40,"loc":{"start":{"line":30,"column":37},"end":{"line":30,"column":45}}},"6":{"name":"(anonymous_6)","line":46,"loc":{"start":{"line":37,"column":10},"end":{"line":37,"column":22}}},"7":{"name":"(anonymous_7)","line":51,"loc":{"start":{"line":44,"column":42},"end":{"line":44,"column":50}}},"8":{"name":"(anonymous_8)","line":57,"loc":{"start":{"line":51,"column":13},"end":{"line":51,"column":18}}},"9":{"name":"(anonymous_9)","line":62,"loc":{"start":{"line":57,"column":35},"end":{"line":57,"column":43}}},"10":{"name":"(anonymous_10)","line":68,"loc":{"start":{"line":64,"column":10},"end":{"line":64,"column":15}}},"11":{"name":"(anonymous_11)","line":73,"loc":{"start":{"line":71,"column":35},"end":{"line":71,"column":39}}},"12":{"name":"(anonymous_12)","line":76,"loc":{"start":{"line":75,"column":37},"end":{"line":75,"column":41}}},"13":{"name":"(anonymous_13)","line":79,"loc":{"start":{"line":79,"column":54},"end":{"line":79,"column":58}}}},"statementMap":{"1":{"start":{"line":1,"column":-15},"end":{"line":1,"column":-15}},"2":{"start":{"line":2,"column":0},"end":{"line":2,"column":0}},"3":{"start":{"line":0,"column":0},"end":{"line":0,"column":0},"skip":true},"4":{"start":{"line":3,"column":0},"end":{"line":3,"column":0}},"5":{"start":{"line":0,"column":0},"end":{"line":0,"column":0},"skip":true},"6":{"start":{"line":0,"column":0},"end":{"line":0,"column":0},"skip":true},"7":{"start":{"line":0,"column":0},"end":{"line":0,"column":0},"skip":true},"8":{"start":{"line":7,"column":0},"end":{"line":7,"column":0}},"9":{"start":{"line":9,"column":2},"end":{"line":9,"column":2}},"10":{"start":{"line":10,"column":2},"end":{"line":10,"column":2}},"11":{"start":{"line":11,"column":4},"end":{"line":15,"column":7}},"12":{"start":{"line":12,"column":6},"end":{"line":12,"column":6}},"13":{"start":{"line":13,"column":6},"end":{"line":13,"column":6}},"14":{"start":{"line":14,"column":6},"end":{"line":14,"column":6}},"15":{"start":{"line":16,"column":6},"end":{"line":16,"column":6}},"16":{"start":{"line":17,"column":6},"end":{"line":17,"column":6}},"17":{"start":{"line":18,"column":6},"end":{"line":18,"column":6}},"18":{"start":{"line":19,"column":6},"end":{"line":19,"column":6}},"19":{"start":{"line":22,"column":2},"end":{"line":22,"column":2}},"20":{"start":{"line":23,"column":6},"end":{"line":26,"column":7}},"21":{"start":{"line":24,"column":6},"end":{"line":24,"column":6}},"22":{"start":{"line":25,"column":6},"end":{"line":25,"column":6}},"23":{"start":{"line":30,"column":2},"end":{"line":30,"column":2}},"24":{"start":{"line":31,"column":2},"end":{"line":31,"column":2}},"25":{"start":{"line":36,"column":2},"end":{"line":36,"column":2}},"26":{"start":{"line":38,"column":6},"end":{"line":38,"column":6}},"27":{"start":{"line":44,"column":2},"end":{"line":44,"column":2}},"28":{"start":{"line":45,"column":2},"end":{"line":45,"column":2}},"29":{"start":{"line":50,"column":4},"end":{"line":50,"column":4}},"30":{"start":{"line":52,"column":8},"end":{"line":52,"column":8}},"31":{"start":{"line":57,"column":2},"end":{"line":57,"column":2}},"32":{"start":{"line":58,"column":2},"end":{"line":58,"column":2}},"33":{"start":{"line":63,"column":2},"end":{"line":63,"column":2}},"34":{"start":{"line":65,"column":6},"end":{"line":65,"column":6}},"35":{"start":{"line":71,"column":2},"end":{"line":71,"column":2}},"36":{"start":{"line":72,"column":4},"end":{"line":72,"column":4}},"37":{"start":{"line":75,"column":2},"end":{"line":75,"column":2}},"38":{"start":{"line":76,"column":4},"end":{"line":76,"column":4}},"39":{"start":{"line":79,"column":2},"end":{"line":79,"column":2}},"40":{"start":{"line":80,"column":4},"end":{"line":80,"column":4}},"41":{"start":{"line":81,"column":4},"end":{"line":81,"column":4}},"42":{"start":{"line":82,"column":4},"end":{"line":82,"column":4}}},"branchMap":{"1":{"line":13,"type":"cond-expr","locations":[{"start":{"line":0,"column":0},"end":{"line":0,"column":0},"skip":true},{"start":{"line":0,"column":0},"end":{"line":0,"column":0},"skip":true}]},"2":{"line":13,"type":"binary-expr","locations":[{"start":{"line":0,"column":0},"end":{"line":0,"column":0},"skip":true},{"start":{"line":0,"column":0},"end":{"line":0,"column":0},"skip":true}]},"3":{"line":22,"type":"if","locations":[{"start":{"line":11,"column":4},"end":{"line":11,"column":4}},{"start":{"line":11,"column":4},"end":{"line":11,"column":4}}]},"4":{"line":34,"type":"if","locations":[{"start":{"line":23,"column":6},"end":{"line":23,"column":6}},{"start":{"line":23,"column":6},"end":{"line":23,"column":6}}]}}},"/Users/emily/Desktop/hw5/src/components/app.js":{"path":"/Users/emily/Desktop/hw5/src/components/app.js","s":{"1":1,"2":1,"3":1,"4":1,"5":1,"6":1,"7":1,"8":1,"9":1,"10":1,"11":1,"12":4,"13":1,"14":0,"15":0,"16":0,"17":0,"18":0,"19":0,"20":1,"21":0},"b":{"1":[3,1],"2":[4,4],"3":[0,0],"4":[0,0]},"f":{"1":4,"2":0,"3":0},"fnMap":{"1":{"name":"_interopRequireDefault","line":25,"loc":{"start":{"line":0,"column":0},"end":{"line":0,"column":0},"skip":true},"skip":true},"2":{"name":"App","line":27,"loc":{"start":{"line":9,"column":10},"end":{"line":9,"column":26}}},"3":{"name":"(anonymous_3)","line":39,"loc":{"start":{"line":22,"column":1},"end":{"line":22,"column":12}}}},"statementMap":{"1":{"start":{"line":0,"column":0},"end":{"line":0,"column":0},"skip":true},"2":{"start":{"line":1,"column":-15},"end":{"line":1,"column":-15}},"3":{"start":{"line":0,"column":0},"end":{"line":0,"column":0},"skip":true},"4":{"start":{"line":2,"column":0},"end":{"line":2,"column":0}},"5":{"start":{"line":4,"column":0},"end":{"line":4,"column":0}},"6":{"start":{"line":0,"column":0},"end":{"line":0,"column":0},"skip":true},"7":{"start":{"line":5,"column":0},"end":{"line":5,"column":0}},"8":{"start":{"line":0,"column":0},"end":{"line":0,"column":0},"skip":true},"9":{"start":{"line":6,"column":0},"end":{"line":6,"column":0}},"10":{"start":{"line":0,"column":0},"end":{"line":0,"column":0},"skip":true},"11":{"start":{"line":0,"column":0},"end":{"line":0,"column":0},"skip":true},"12":{"start":{"line":0,"column":0},"end":{"line":0,"column":0},"skip":true},"13":{"start":{"line":9,"column":0},"end":{"line":9,"column":0}},"14":{"start":{"line":9,"column":26},"end":{"line":9,"column":26}},"15":{"start":{"line":10,"column":1},"end":{"line":18,"column":2}},"16":{"start":{"line":11,"column":2},"end":{"line":11,"column":2}},"17":{"start":{"line":13,"column":6},"end":{"line":18,"column":2}},"18":{"start":{"line":14,"column":2},"end":{"line":14,"column":2}},"19":{"start":{"line":17,"column":2},"end":{"line":17,"column":2}},"20":{"start":{"line":0,"column":0},"end":{"line":0,"column":0},"skip":true},"21":{"start":{"line":23,"column":2},"end":{"line":23,"column":2}}},"branchMap":{"1":{"line":25,"type":"cond-expr","locations":[{"start":{"line":0,"column":0},"end":{"line":0,"column":0},"skip":true},{"start":{"line":0,"column":0},"end":{"line":0,"column":0},"skip":true}]},"2":{"line":25,"type":"binary-expr","locations":[{"start":{"line":0,"column":0},"end":{"line":0,"column":0},"skip":true},{"start":{"line":0,"column":0},"end":{"line":0,"column":0},"skip":true}]},"3":{"line":30,"type":"if","locations":[{"start":{"line":10,"column":1},"end":{"line":10,"column":1}},{"start":{"line":10,"column":1},"end":{"line":10,"column":1}}]},"4":{"line":32,"type":"if","locations":[{"start":{"line":13,"column":6},"end":{"line":13,"column":6}},{"start":{"line":13,"column":6},"end":{"line":13,"column":6}}]}}},"/Users/emily/Desktop/hw5/src/components/main/main.js":{"path":"/Users/emily/Desktop/hw5/src/components/main/main.js","s":{"1":1,"2":1,"3":1,"4":1,"5":1,"6":1,"7":1,"8":1,"9":1,"10":1,"11":1,"12":1,"13":1,"14":5,"15":1,"16":0,"17":0,"18":1},"b":{"1":[4,1],"2":[5,5]},"f":{"1":5,"2":0},"fnMap":{"1":{"name":"_interopRequireDefault","line":29,"loc":{"start":{"line":0,"column":0},"end":{"line":0,"column":0},"skip":true},"skip":true},"2":{"name":"Main","line":32,"loc":{"start":{"line":9,"column":13},"end":{"line":9,"column":29}}}},"statementMap":{"1":{"start":{"line":0,"column":0},"end":{"line":0,"column":0},"skip":true},"2":{"start":{"line":1,"column":-15},"end":{"line":1,"column":-15}},"3":{"start":{"line":0,"column":0},"end":{"line":0,"column":0},"skip":true},"4":{"start":{"line":2,"column":0},"end":{"line":2,"column":0}},"5":{"start":{"line":3,"column":0},"end":{"line":3,"column":0}},"6":{"start":{"line":0,"column":0},"end":{"line":0,"column":0},"skip":true},"7":{"start":{"line":4,"column":0},"end":{"line":4,"column":0}},"8":{"start":{"line":0,"column":0},"end":{"line":0,"column":0},"skip":true},"9":{"start":{"line":5,"column":0},"end":{"line":5,"column":0}},"10":{"start":{"line":0,"column":0},"end":{"line":0,"column":0},"skip":true},"11":{"start":{"line":6,"column":0},"end":{"line":6,"column":0}},"12":{"start":{"line":0,"column":0},"end":{"line":0,"column":0},"skip":true},"13":{"start":{"line":0,"column":0},"end":{"line":0,"column":0},"skip":true},"14":{"start":{"line":0,"column":0},"end":{"line":0,"column":0},"skip":true},"15":{"start":{"line":9,"column":0},"end":{"line":9,"column":0}},"16":{"start":{"line":9,"column":29},"end":{"line":9,"column":29}},"17":{"start":{"line":12,"column":2},"end":{"line":12,"column":2}},"18":{"start":{"line":0,"column":0},"end":{"line":0,"column":0},"skip":true}},"branchMap":{"1":{"line":29,"type":"cond-expr","locations":[{"start":{"line":0,"column":0},"end":{"line":0,"column":0},"skip":true},{"start":{"line":0,"column":0},"end":{"line":0,"column":0},"skip":true}]},"2":{"line":29,"type":"binary-expr","locations":[{"start":{"line":0,"column":0},"end":{"line":0,"column":0},"skip":true},{"start":{"line":0,"column":0},"end":{"line":0,"column":0},"skip":true}]}}},"/Users/emily/Desktop/hw5/src/components/main/headline.js":{"path":"/Users/emily/Desktop/hw5/src/components/main/headline.js","s":{"1":1,"2":1,"3":1,"4":1,"5":1,"6":1,"7":1,"8":1,"9":1,"10":1,"11":2,"12":1,"13":0,"14":0,"15":0,"16":0,"17":0,"18":0,"19":0,"20":0,"21":1,"22":1,"23":0,"24":0,"25":0,"26":0,"27":0},"b":{"1":[1,1],"2":[2,2]},"f":{"1":2,"2":0,"3":0,"4":0,"5":0,"6":0,"7":0,"8":0,"9":0,"10":0,"11":0},"fnMap":{"1":{"name":"_interopRequireDefault","line":22,"loc":{"start":{"line":0,"column":0},"end":{"line":0,"column":0},"skip":true},"skip":true},"2":{"name":"Headline","line":24,"loc":{"start":{"line":7,"column":24},"end":{"line":7,"column":122}}},"3":{"name":"onClick","line":46,"loc":{"start":{"line":12,"column":28},"end":{"line":12,"column":34}}},"4":{"name":"onClick","line":57,"loc":{"start":{"line":13,"column":28},"end":{"line":13,"column":34}}},"5":{"name":"ref","line":88,"loc":{"start":{"line":20,"column":66},"end":{"line":20,"column":76}}},"6":{"name":"onClick","line":93,"loc":{"start":{"line":23,"column":65},"end":{"line":23,"column":71}}},"7":{"name":"(anonymous_7)","line":112,"loc":{"start":{"line":42,"column":1},"end":{"line":42,"column":12}}},"8":{"name":"(anonymous_8)","line":119,"loc":{"start":{"line":49,"column":4},"end":{"line":49,"column":18}}},"9":{"name":"updateHeadlineAction","line":121,"loc":{"start":{"line":51,"column":24},"end":{"line":51,"column":24}}},"10":{"name":"logoutAct","line":124,"loc":{"start":{"line":52,"column":13},"end":{"line":52,"column":13}}},"11":{"name":"profileAct","line":127,"loc":{"start":{"line":53,"column":14},"end":{"line":53,"column":14}}}},"statementMap":{"1":{"start":{"line":0,"column":0},"end":{"line":0,"column":0},"skip":true},"2":{"start":{"line":0,"column":0},"end":{"line":0,"column":0},"skip":true},"3":{"start":{"line":1,"column":-15},"end":{"line":1,"column":-15}},"4":{"start":{"line":0,"column":0},"end":{"line":0,"column":0},"skip":true},"5":{"start":{"line":2,"column":0},"end":{"line":2,"column":0}},"6":{"start":{"line":3,"column":0},"end":{"line":3,"column":0}},"7":{"start":{"line":0,"column":0},"end":{"line":0,"column":0},"skip":true},"8":{"start":{"line":4,"column":0},"end":{"line":4,"column":0}},"9":{"start":{"line":5,"column":0},"end":{"line":5,"column":0}},"10":{"start":{"line":0,"column":0},"end":{"line":0,"column":0},"skip":true},"11":{"start":{"line":0,"column":0},"end":{"line":0,"column":0},"skip":true},"12":{"start":{"line":7,"column":7},"end":{"line":7,"column":7}},"13":{"start":{"line":7,"column":122},"end":{"line":7,"column":122}},"14":{"start":{"line":8,"column":1},"end":{"line":8,"column":1}},"15":{"start":{"line":9,"column":1},"end":{"line":9,"column":1}},"16":{"start":{"line":12,"column":35},"end":{"line":12,"column":35}},"17":{"start":{"line":13,"column":35},"end":{"line":13,"column":35}},"18":{"start":{"line":21,"column":7},"end":{"line":21,"column":7}},"19":{"start":{"line":24,"column":7},"end":{"line":24,"column":7}},"20":{"start":{"line":25,"column":7},"end":{"line":25,"column":7}},"21":{"start":{"line":34,"column":0},"end":{"line":34,"column":0}},"22":{"start":{"line":0,"column":0},"end":{"line":0,"column":0},"skip":true},"23":{"start":{"line":43,"column":2},"end":{"line":43,"column":2}},"24":{"start":{"line":50,"column":1},"end":{"line":50,"column":1}},"25":{"start":{"line":51,"column":24},"end":{"line":51,"column":24}},"26":{"start":{"line":52,"column":13},"end":{"line":52,"column":13}},"27":{"start":{"line":53,"column":14},"end":{"line":53,"column":14}}},"branchMap":{"1":{"line":22,"type":"cond-expr","locations":[{"start":{"line":0,"column":0},"end":{"line":0,"column":0},"skip":true},{"start":{"line":0,"column":0},"end":{"line":0,"column":0},"skip":true}]},"2":{"line":22,"type":"binary-expr","locations":[{"start":{"line":0,"column":0},"end":{"line":0,"column":0},"skip":true},{"start":{"line":0,"column":0},"end":{"line":0,"column":0},"skip":true}]}}},"/Users/emily/Desktop/hw5/src/components/main/headlineActions.js":{"path":"/Users/emily/Desktop/hw5/src/components/main/headlineActions.js","s":{"1":1,"2":1,"3":1,"4":1,"5":1,"6":1,"7":1,"8":1,"9":1,"10":1,"11":0,"12":0,"13":1,"14":0,"15":0},"b":{"1":[1,0],"2":[1,1],"3":[1,0]},"f":{"1":1,"2":1,"3":1,"4":0,"5":0,"6":0},"fnMap":{"1":{"name":"_interopRequireDefault","line":12,"loc":{"start":{"line":0,"column":0},"end":{"line":0,"column":0},"skip":true},"skip":true},"2":{"name":"updateHeadline","line":14,"loc":{"start":{"line":3,"column":30},"end":{"line":3,"column":30}}},"3":{"name":"(anonymous_3)","line":15,"loc":{"start":{"line":3,"column":44},"end":{"line":3,"column":57}}},"4":{"name":"(anonymous_4)","line":18,"loc":{"start":{"line":7,"column":14},"end":{"line":7,"column":28}}},"5":{"name":"toProfilepage","line":27,"loc":{"start":{"line":15,"column":29},"end":{"line":15,"column":35}}},"6":{"name":"(anonymous_6)","line":28,"loc":{"start":{"line":16,"column":8},"end":{"line":16,"column":22}}}},"statementMap":{"1":{"start":{"line":0,"column":0},"end":{"line":0,"column":0},"skip":true},"2":{"start":{"line":0,"column":0},"end":{"line":0,"column":0},"skip":true},"3":{"start":{"line":1,"column":-15},"end":{"line":1,"column":-15}},"4":{"start":{"line":0,"column":0},"end":{"line":0,"column":0},"skip":true},"5":{"start":{"line":0,"column":0},"end":{"line":0,"column":0},"skip":true},"6":{"start":{"line":0,"column":0},"end":{"line":0,"column":0},"skip":true},"7":{"start":{"line":3,"column":7},"end":{"line":3,"column":7}},"8":{"start":{"line":3,"column":30},"end":{"line":3,"column":30}},"9":{"start":{"line":4,"column":1},"end":{"line":12,"column":2}},"10":{"start":{"line":6,"column":8},"end":{"line":6,"column":8}},"11":{"start":{"line":8,"column":12},"end":{"line":8,"column":12}},"12":{"start":{"line":10,"column":12},"end":{"line":10,"column":12}},"13":{"start":{"line":15,"column":7},"end":{"line":15,"column":7}},"14":{"start":{"line":16,"column":1},"end":{"line":16,"column":1}},"15":{"start":{"line":17,"column":2},"end":{"line":17,"column":2}}},"branchMap":{"1":{"line":12,"type":"cond-expr","locations":[{"start":{"line":0,"column":0},"end":{"line":0,"column":0},"skip":true},{"start":{"line":0,"column":0},"end":{"line":0,"column":0},"skip":true}]},"2":{"line":12,"type":"binary-expr","locations":[{"start":{"line":0,"column":0},"end":{"line":0,"column":0},"skip":true},{"start":{"line":0,"column":0},"end":{"line":0,"column":0},"skip":true}]},"3":{"line":16,"type":"if","locations":[{"start":{"line":4,"column":1},"end":{"line":4,"column":1}},{"start":{"line":4,"column":1},"end":{"line":4,"column":1}}]}}},"/Users/emily/Desktop/hw5/src/components/auth/authActions.js":{"path":"/Users/emily/Desktop/hw5/src/components/auth/authActions.js","s":{"1":1,"2":1,"3":1,"4":1,"5":1,"6":1,"7":1,"8":1,"9":1,"10":1,"11":1,"12":2,"13":1,"14":0,"15":0,"16":0,"17":0,"18":0,"19":0,"20":0,"21":0,"22":0,"23":0,"24":0,"25":0,"26":0,"27":0,"28":1,"29":0,"30":0,"31":0,"32":0,"33":0,"34":0,"35":0,"36":0,"37":1,"38":0,"39":0,"40":0,"41":1,"42":0,"43":0,"44":0,"45":0,"46":0,"47":0,"48":0,"49":0,"50":0,"51":0,"52":0,"53":0,"54":0,"55":0,"56":0,"57":0,"58":0,"59":0,"60":0,"61":0,"62":0,"63":0,"64":0,"65":0,"66":0,"67":0,"68":0,"69":0,"70":0,"71":0,"72":0,"73":0,"74":0,"75":0,"76":0,"77":0,"78":0,"79":0,"80":0,"81":0,"82":0,"83":0},"b":{"1":[1,1],"2":[2,2],"3":[0,0],"4":[0,0],"5":[0,0],"6":[0,0],"7":[0,0],"8":[0,0],"9":[0,0],"10":[0,0],"11":[0,0],"12":[0,0],"13":[0,0,0],"14":[0,0],"15":[0,0],"16":[0,0],"17":[0,0,0]},"f":{"1":2,"2":0,"3":0,"4":0,"5":0,"6":0,"7":0,"8":0,"9":0,"10":0,"11":0,"12":0,"13":0,"14":0,"15":0,"16":0,"17":0,"18":0,"19":0,"20":0,"21":0,"22":0},"fnMap":{"1":{"name":"_interopRequireDefault","line":22,"loc":{"start":{"line":0,"column":0},"end":{"line":0,"column":0},"skip":true},"skip":true},"2":{"name":"getUserInfo","line":24,"loc":{"start":{"line":6,"column":27},"end":{"line":6,"column":27}}},"3":{"name":"(anonymous_3)","line":25,"loc":{"start":{"line":6,"column":41},"end":{"line":6,"column":55}}},"4":{"name":"(anonymous_4)","line":29,"loc":{"start":{"line":11,"column":10},"end":{"line":11,"column":17}}},"5":{"name":"(anonymous_5)","line":32,"loc":{"start":{"line":15,"column":10},"end":{"line":15,"column":17}}},"6":{"name":"(anonymous_6)","line":35,"loc":{"start":{"line":19,"column":10},"end":{"line":19,"column":17}}},"7":{"name":"(anonymous_7)","line":38,"loc":{"start":{"line":23,"column":10},"end":{"line":23,"column":17}}},"8":{"name":"(anonymous_8)","line":41,"loc":{"start":{"line":27,"column":10},"end":{"line":27,"column":17}}},"9":{"name":"(anonymous_9)","line":45,"loc":{"start":{"line":31,"column":62},"end":{"line":31,"column":68}}},"10":{"name":"login","line":51,"loc":{"start":{"line":36,"column":7},"end":{"line":36,"column":42}}},"11":{"name":"(anonymous_11)","line":52,"loc":{"start":{"line":37,"column":11},"end":{"line":37,"column":25}}},"12":{"name":"(anonymous_12)","line":53,"loc":{"start":{"line":39,"column":14},"end":{"line":39,"column":21}}},"13":{"name":"(anonymous_13)","line":57,"loc":{"start":{"line":44,"column":14},"end":{"line":44,"column":20}}},"14":{"name":"(anonymous_14)","line":62,"loc":{"start":{"line":50,"column":15},"end":{"line":50,"column":24}}},"15":{"name":"logout","line":68,"loc":{"start":{"line":56,"column":7},"end":{"line":56,"column":25}}},"16":{"name":"(anonymous_16)","line":69,"loc":{"start":{"line":57,"column":11},"end":{"line":57,"column":25}}},"17":{"name":"(anonymous_17)","line":70,"loc":{"start":{"line":59,"column":15},"end":{"line":59,"column":24}}},"18":{"name":"register","line":76,"loc":{"start":{"line":65,"column":24},"end":{"line":65,"column":24}}},"19":{"name":"(anonymous_19)","line":77,"loc":{"start":{"line":65,"column":91},"end":{"line":65,"column":105}}},"20":{"name":"(anonymous_20)","line":82,"loc":{"start":{"line":70,"column":17},"end":{"line":70,"column":25}}},"21":{"name":"(anonymous_21)","line":135,"loc":{"start":{"line":124,"column":14},"end":{"line":124,"column":28}}},"22":{"name":"(anonymous_22)","line":137,"loc":{"start":{"line":127,"column":15},"end":{"line":127,"column":26}}}},"statementMap":{"1":{"start":{"line":0,"column":0},"end":{"line":0,"column":0},"skip":true},"2":{"start":{"line":0,"column":0},"end":{"line":0,"column":0},"skip":true},"3":{"start":{"line":0,"column":0},"end":{"line":0,"column":0},"skip":true},"4":{"start":{"line":0,"column":0},"end":{"line":0,"column":0},"skip":true},"5":{"start":{"line":1,"column":-15},"end":{"line":1,"column":-15}},"6":{"start":{"line":0,"column":0},"end":{"line":0,"column":0},"skip":true},"7":{"start":{"line":2,"column":0},"end":{"line":2,"column":0}},"8":{"start":{"line":0,"column":0},"end":{"line":0,"column":0},"skip":true},"9":{"start":{"line":3,"column":0},"end":{"line":3,"column":0}},"10":{"start":{"line":4,"column":0},"end":{"line":4,"column":0}},"11":{"start":{"line":0,"column":0},"end":{"line":0,"column":0},"skip":true},"12":{"start":{"line":0,"column":0},"end":{"line":0,"column":0},"skip":true},"13":{"start":{"line":6,"column":7},"end":{"line":6,"column":7}},"14":{"start":{"line":6,"column":27},"end":{"line":6,"column":27}},"15":{"start":{"line":8,"column":4},"end":{"line":8,"column":4}},"16":{"start":{"line":10,"column":4},"end":{"line":10,"column":4}},"17":{"start":{"line":12,"column":8},"end":{"line":12,"column":8}},"18":{"start":{"line":14,"column":4},"end":{"line":14,"column":4}},"19":{"start":{"line":16,"column":8},"end":{"line":16,"column":8}},"20":{"start":{"line":18,"column":4},"end":{"line":18,"column":4}},"21":{"start":{"line":20,"column":8},"end":{"line":20,"column":8}},"22":{"start":{"line":22,"column":4},"end":{"line":22,"column":4}},"23":{"start":{"line":24,"column":8},"end":{"line":24,"column":8}},"24":{"start":{"line":26,"column":4},"end":{"line":26,"column":4}},"25":{"start":{"line":28,"column":8},"end":{"line":28,"column":8}},"26":{"start":{"line":31,"column":4},"end":{"line":31,"column":4}},"27":{"start":{"line":32,"column":8},"end":{"line":32,"column":8}},"28":{"start":{"line":36,"column":7},"end":{"line":54,"column":1}},"29":{"start":{"line":37,"column":4},"end":{"line":37,"column":4}},"30":{"start":{"line":38,"column":8},"end":{"line":38,"column":8}},"31":{"start":{"line":41,"column":12},"end":{"line":41,"column":12}},"32":{"start":{"line":42,"column":12},"end":{"line":42,"column":12}},"33":{"start":{"line":46,"column":12},"end":{"line":46,"column":12}},"34":{"start":{"line":47,"column":12},"end":{"line":47,"column":12}},"35":{"start":{"line":48,"column":12},"end":{"line":48,"column":12}},"36":{"start":{"line":51,"column":12},"end":{"line":51,"column":12}},"37":{"start":{"line":56,"column":7},"end":{"line":63,"column":1}},"38":{"start":{"line":57,"column":4},"end":{"line":57,"column":4}},"39":{"start":{"line":58,"column":8},"end":{"line":58,"column":8}},"40":{"start":{"line":60,"column":12},"end":{"line":60,"column":12}},"41":{"start":{"line":65,"column":7},"end":{"line":65,"column":7}},"42":{"start":{"line":65,"column":24},"end":{"line":65,"column":24}},"43":{"start":{"line":67,"column":4},"end":{"line":67,"column":4}},"44":{"start":{"line":69,"column":4},"end":{"line":69,"column":4}},"45":{"start":{"line":70,"column":4},"end":{"line":70,"column":4}},"46":{"start":{"line":71,"column":8},"end":{"line":75,"column":9}},"47":{"start":{"line":72,"column":12},"end":{"line":72,"column":12}},"48":{"start":{"line":73,"column":12},"end":{"line":73,"column":12}},"49":{"start":{"line":74,"column":12},"end":{"line":74,"column":12}},"50":{"start":{"line":78,"column":4},"end":{"line":83,"column":5}},"51":{"start":{"line":79,"column":8},"end":{"line":82,"column":9}},"52":{"start":{"line":80,"column":12},"end":{"line":80,"column":12}},"53":{"start":{"line":81,"column":12},"end":{"line":81,"column":12}},"54":{"start":{"line":84,"column":4},"end":{"line":89,"column":5}},"55":{"start":{"line":85,"column":8},"end":{"line":88,"column":9}},"56":{"start":{"line":86,"column":12},"end":{"line":86,"column":12}},"57":{"start":{"line":87,"column":12},"end":{"line":87,"column":12}},"58":{"start":{"line":90,"column":4},"end":{"line":95,"column":5}},"59":{"start":{"line":91,"column":8},"end":{"line":94,"column":9}},"60":{"start":{"line":92,"column":12},"end":{"line":92,"column":12}},"61":{"start":{"line":93,"column":12},"end":{"line":93,"column":12}},"62":{"start":{"line":96,"column":4},"end":{"line":101,"column":5}},"63":{"start":{"line":97,"column":8},"end":{"line":100,"column":9}},"64":{"start":{"line":98,"column":12},"end":{"line":98,"column":12}},"65":{"start":{"line":99,"column":12},"end":{"line":99,"column":12}},"66":{"start":{"line":103,"column":4},"end":{"line":103,"column":4}},"67":{"start":{"line":104,"column":4},"end":{"line":104,"column":4}},"68":{"start":{"line":105,"column":4},"end":{"line":105,"column":4}},"69":{"start":{"line":107,"column":3},"end":{"line":107,"column":3}},"70":{"start":{"line":108,"column":3},"end":{"line":108,"column":3}},"71":{"start":{"line":109,"column":3},"end":{"line":109,"column":3}},"72":{"start":{"line":110,"column":4},"end":{"line":112,"column":5}},"73":{"start":{"line":111,"column":6},"end":{"line":111,"column":6}},"74":{"start":{"line":113,"column":1},"end":{"line":116,"column":2}},"75":{"start":{"line":114,"column":2},"end":{"line":114,"column":2}},"76":{"start":{"line":115,"column":8},"end":{"line":115,"column":8}},"77":{"start":{"line":117,"column":4},"end":{"line":120,"column":5}},"78":{"start":{"line":118,"column":5},"end":{"line":118,"column":5}},"79":{"start":{"line":119,"column":8},"end":{"line":119,"column":8}},"80":{"start":{"line":122,"column":4},"end":{"line":130,"column":5}},"81":{"start":{"line":123,"column":8},"end":{"line":123,"column":8}},"82":{"start":{"line":125,"column":12},"end":{"line":125,"column":12}},"83":{"start":{"line":128,"column":12},"end":{"line":128,"column":12}}},"branchMap":{"1":{"line":22,"type":"cond-expr","locations":[{"start":{"line":0,"column":0},"end":{"line":0,"column":0},"skip":true},{"start":{"line":0,"column":0},"end":{"line":0,"column":0},"skip":true}]},"2":{"line":22,"type":"binary-expr","locations":[{"start":{"line":0,"column":0},"end":{"line":0,"column":0},"skip":true},{"start":{"line":0,"column":0},"end":{"line":0,"column":0},"skip":true}]},"3":{"line":83,"type":"if","locations":[{"start":{"line":71,"column":8},"end":{"line":71,"column":8}},{"start":{"line":71,"column":8},"end":{"line":71,"column":8}}]},"4":{"line":90,"type":"if","locations":[{"start":{"line":78,"column":4},"end":{"line":78,"column":4}},{"start":{"line":78,"column":4},"end":{"line":78,"column":4}}]},"5":{"line":91,"type":"if","locations":[{"start":{"line":79,"column":8},"end":{"line":79,"column":8}},{"start":{"line":79,"column":8},"end":{"line":79,"column":8}}]},"6":{"line":96,"type":"if","locations":[{"start":{"line":84,"column":4},"end":{"line":84,"column":4}},{"start":{"line":84,"column":4},"end":{"line":84,"column":4}}]},"7":{"line":97,"type":"if","locations":[{"start":{"line":85,"column":8},"end":{"line":85,"column":8}},{"start":{"line":85,"column":8},"end":{"line":85,"column":8}}]},"8":{"line":102,"type":"if","locations":[{"start":{"line":90,"column":4},"end":{"line":90,"column":4}},{"start":{"line":90,"column":4},"end":{"line":90,"column":4}}]},"9":{"line":103,"type":"if","locations":[{"start":{"line":91,"column":8},"end":{"line":91,"column":8}},{"start":{"line":91,"column":8},"end":{"line":91,"column":8}}]},"10":{"line":108,"type":"if","locations":[{"start":{"line":96,"column":4},"end":{"line":96,"column":4}},{"start":{"line":96,"column":4},"end":{"line":96,"column":4}}]},"11":{"line":109,"type":"if","locations":[{"start":{"line":97,"column":8},"end":{"line":97,"column":8}},{"start":{"line":97,"column":8},"end":{"line":97,"column":8}}]},"12":{"line":122,"type":"if","locations":[{"start":{"line":110,"column":4},"end":{"line":110,"column":4}},{"start":{"line":110,"column":4},"end":{"line":110,"column":4}}]},"13":{"line":122,"type":"binary-expr","locations":[{"start":{"line":110,"column":8},"end":{"line":110,"column":8}},{"start":{"line":110,"column":26},"end":{"line":110,"column":26}},{"start":{"line":110,"column":45},"end":{"line":110,"column":4}}]},"14":{"line":125,"type":"if","locations":[{"start":{"line":113,"column":1},"end":{"line":113,"column":1}},{"start":{"line":113,"column":1},"end":{"line":113,"column":1}}]},"15":{"line":129,"type":"if","locations":[{"start":{"line":117,"column":4},"end":{"line":117,"column":4}},{"start":{"line":117,"column":4},"end":{"line":117,"column":4}}]},"16":{"line":134,"type":"if","locations":[{"start":{"line":122,"column":4},"end":{"line":122,"column":4}},{"start":{"line":122,"column":4},"end":{"line":122,"column":4}}]},"17":{"line":134,"type":"binary-expr","locations":[{"start":{"line":122,"column":8},"end":{"line":122,"column":8}},{"start":{"line":122,"column":17},"end":{"line":122,"column":8}},{"start":{"line":122,"column":30},"end":{"line":122,"column":4}}]}}},"/Users/emily/Desktop/hw5/src/components/article/articleActions.js":{"path":"/Users/emily/Desktop/hw5/src/components/article/articleActions.js","s":{"1":1,"2":1,"3":1,"4":1,"5":1,"6":1,"7":1,"8":1,"9":0,"10":0,"11":0,"12":1,"13":0,"14":0,"15":0,"16":0,"17":0,"18":0,"19":1,"20":0,"21":0,"22":1,"23":0},"b":{"1":[1,0],"2":[1,1]},"f":{"1":1,"2":0,"3":0,"4":0,"5":0,"6":0,"7":0,"8":0,"9":0,"10":0},"fnMap":{"1":{"name":"_interopRequireDefault","line":13,"loc":{"start":{"line":0,"column":0},"end":{"line":0,"column":0},"skip":true},"skip":true},"2":{"name":"getArticles","line":16,"loc":{"start":{"line":4,"column":27},"end":{"line":4,"column":27}}},"3":{"name":"(anonymous_3)","line":17,"loc":{"start":{"line":4,"column":33},"end":{"line":4,"column":47}}},"4":{"name":"(anonymous_4)","line":18,"loc":{"start":{"line":6,"column":14},"end":{"line":6,"column":28}}},"5":{"name":"addArticle","line":24,"loc":{"start":{"line":11,"column":26},"end":{"line":11,"column":26}}},"6":{"name":"(anonymous_6)","line":25,"loc":{"start":{"line":11,"column":36},"end":{"line":11,"column":50}}},"7":{"name":"(anonymous_7)","line":26,"loc":{"start":{"line":13,"column":14},"end":{"line":13,"column":28}}},"8":{"name":"filterArticle","line":37,"loc":{"start":{"line":24,"column":29},"end":{"line":24,"column":29}}},"9":{"name":"(anonymous_9)","line":38,"loc":{"start":{"line":24,"column":40},"end":{"line":24,"column":54}}},"10":{"name":"showComment","line":46,"loc":{"start":{"line":31,"column":7},"end":{"line":31,"column":31}}}},"statementMap":{"1":{"start":{"line":0,"column":0},"end":{"line":0,"column":0},"skip":true},"2":{"start":{"line":0,"column":0},"end":{"line":0,"column":0},"skip":true},"3":{"start":{"line":0,"column":0},"end":{"line":0,"column":0},"skip":true},"4":{"start":{"line":1,"column":-15},"end":{"line":1,"column":-15}},"5":{"start":{"line":0,"column":0},"end":{"line":0,"column":0},"skip":true},"6":{"start":{"line":0,"column":0},"end":{"line":0,"column":0},"skip":true},"7":{"start":{"line":0,"column":0},"end":{"line":0,"column":0},"skip":true},"8":{"start":{"line":4,"column":7},"end":{"line":4,"column":7}},"9":{"start":{"line":4,"column":27},"end":{"line":4,"column":27}},"10":{"start":{"line":5,"column":8},"end":{"line":5,"column":8}},"11":{"start":{"line":7,"column":12},"end":{"line":7,"column":12}},"12":{"start":{"line":11,"column":7},"end":{"line":11,"column":7}},"13":{"start":{"line":11,"column":26},"end":{"line":11,"column":26}},"14":{"start":{"line":12,"column":8},"end":{"line":12,"column":8}},"15":{"start":{"line":14,"column":12},"end":{"line":14,"column":12}},"16":{"start":{"line":16,"column":12},"end":{"line":16,"column":12}},"17":{"start":{"line":17,"column":12},"end":{"line":17,"column":12}},"18":{"start":{"line":18,"column":12},"end":{"line":18,"column":12}},"19":{"start":{"line":24,"column":7},"end":{"line":24,"column":7}},"20":{"start":{"line":24,"column":29},"end":{"line":24,"column":29}},"21":{"start":{"line":25,"column":2},"end":{"line":25,"column":2}},"22":{"start":{"line":31,"column":7},"end":{"line":36,"column":1}},"23":{"start":{"line":32,"column":2},"end":{"line":32,"column":2}}},"branchMap":{"1":{"line":13,"type":"cond-expr","locations":[{"start":{"line":0,"column":0},"end":{"line":0,"column":0},"skip":true},{"start":{"line":0,"column":0},"end":{"line":0,"column":0},"skip":true}]},"2":{"line":13,"type":"binary-expr","locations":[{"start":{"line":0,"column":0},"end":{"line":0,"column":0},"skip":true},{"start":{"line":0,"column":0},"end":{"line":0,"column":0},"skip":true}]}}},"/Users/emily/Desktop/hw5/src/components/main/followingActions.js":{"path":"/Users/emily/Desktop/hw5/src/components/main/followingActions.js","s":{"1":1,"2":1,"3":1,"4":1,"5":1,"6":1,"7":1,"8":1,"9":1,"10":1,"11":0,"12":1,"13":0,"14":1,"15":0,"16":1,"17":0,"18":0,"19":0,"20":0,"21":0,"22":0,"23":0,"24":0,"25":0,"26":0,"27":0,"28":0,"29":0,"30":0,"31":0,"32":0,"33":0,"34":0},"b":{"1":[1,0],"2":[1,1],"3":[0,0],"4":[0,0],"5":[0,0],"6":[0,0],"7":[0,0]},"f":{"1":1,"2":0,"3":0,"4":0,"5":0,"6":0,"7":0,"8":0,"9":0,"10":0,"11":0,"12":0,"13":0,"14":0,"15":0,"16":0,"17":0},"fnMap":{"1":{"name":"_interopRequireDefault","line":15,"loc":{"start":{"line":0,"column":0},"end":{"line":0,"column":0},"skip":true},"skip":true},"2":{"name":"removeFollower","line":17,"loc":{"start":{"line":3,"column":7},"end":{"line":3,"column":51}}},"3":{"name":"addFollower","line":20,"loc":{"start":{"line":4,"column":7},"end":{"line":4,"column":48}}},"4":{"name":"getFollower","line":23,"loc":{"start":{"line":5,"column":7},"end":{"line":5,"column":38}}},"5":{"name":"updateFollowers","line":27,"loc":{"start":{"line":7,"column":7},"end":{"line":7,"column":56}}},"6":{"name":"(anonymous_6)","line":29,"loc":{"start":{"line":10,"column":7},"end":{"line":10,"column":21}}},"7":{"name":"(anonymous_7)","line":36,"loc":{"start":{"line":17,"column":43},"end":{"line":17,"column":43}}},"8":{"name":"(anonymous_8)","line":43,"loc":{"start":{"line":23,"column":9},"end":{"line":23,"column":23}}},"9":{"name":"(anonymous_9)","line":44,"loc":{"start":{"line":24,"column":31},"end":{"line":24,"column":41}}},"10":{"name":"(anonymous_10)","line":45,"loc":{"start":{"line":25,"column":23},"end":{"line":25,"column":35}}},"11":{"name":"(anonymous_11)","line":51,"loc":{"start":{"line":32,"column":11},"end":{"line":32,"column":25}}},"12":{"name":"(anonymous_12)","line":52,"loc":{"start":{"line":33,"column":31},"end":{"line":33,"column":40}}},"13":{"name":"(anonymous_13)","line":53,"loc":{"start":{"line":34,"column":25},"end":{"line":34,"column":37}}},"14":{"name":"(anonymous_14)","line":58,"loc":{"start":{"line":40,"column":11},"end":{"line":40,"column":17}}},"15":{"name":"(anonymous_15)","line":60,"loc":{"start":{"line":43,"column":11},"end":{"line":43,"column":17}}},"16":{"name":"(anonymous_16)","line":61,"loc":{"start":{"line":45,"column":18},"end":{"line":45,"column":32}}},"17":{"name":"(anonymous_17)","line":66,"loc":{"start":{"line":51,"column":8},"end":{"line":51,"column":17}}}},"statementMap":{"1":{"start":{"line":0,"column":0},"end":{"line":0,"column":0},"skip":true},"2":{"start":{"line":0,"column":0},"end":{"line":0,"column":0},"skip":true},"3":{"start":{"line":0,"column":0},"end":{"line":0,"column":0},"skip":true},"4":{"start":{"line":0,"column":0},"end":{"line":0,"column":0},"skip":true},"5":{"start":{"line":0,"column":0},"end":{"line":0,"column":0},"skip":true},"6":{"start":{"line":1,"column":-15},"end":{"line":1,"column":-15}},"7":{"start":{"line":0,"column":0},"end":{"line":0,"column":0},"skip":true},"8":{"start":{"line":0,"column":0},"end":{"line":0,"column":0},"skip":true},"9":{"start":{"line":0,"column":0},"end":{"line":0,"column":0},"skip":true},"10":{"start":{"line":3,"column":7},"end":{"line":3,"column":100}},"11":{"start":{"line":3,"column":53},"end":{"line":3,"column":53}},"12":{"start":{"line":4,"column":7},"end":{"line":4,"column":94}},"13":{"start":{"line":4,"column":50},"end":{"line":4,"column":50}},"14":{"start":{"line":5,"column":7},"end":{"line":5,"column":76}},"15":{"start":{"line":5,"column":39},"end":{"line":5,"column":39}},"16":{"start":{"line":7,"column":7},"end":{"line":54,"column":1}},"17":{"start":{"line":9,"column":1},"end":{"line":9,"column":1}},"18":{"start":{"line":12,"column":2},"end":{"line":14,"column":13}},"19":{"start":{"line":13,"column":16},"end":{"line":13,"column":16}},"20":{"start":{"line":17,"column":2},"end":{"line":17,"column":2}},"21":{"start":{"line":17,"column":43},"end":{"line":17,"column":43}},"22":{"start":{"line":20,"column":2},"end":{"line":20,"column":2}},"23":{"start":{"line":22,"column":2},"end":{"line":22,"column":2}},"24":{"start":{"line":24,"column":4},"end":{"line":24,"column":4}},"25":{"start":{"line":25,"column":5},"end":{"line":25,"column":5}},"26":{"start":{"line":27,"column":7},"end":{"line":27,"column":6}},"27":{"start":{"line":31,"column":4},"end":{"line":31,"column":4}},"28":{"start":{"line":33,"column":6},"end":{"line":33,"column":6}},"29":{"start":{"line":34,"column":7},"end":{"line":34,"column":7}},"30":{"start":{"line":36,"column":9},"end":{"line":36,"column":8}},"31":{"start":{"line":41,"column":6},"end":{"line":41,"column":6}},"32":{"start":{"line":44,"column":6},"end":{"line":44,"column":6}},"33":{"start":{"line":46,"column":17},"end":{"line":46,"column":17}},"34":{"start":{"line":52,"column":2},"end":{"line":52,"column":2}}},"branchMap":{"1":{"line":15,"type":"cond-expr","locations":[{"start":{"line":0,"column":0},"end":{"line":0,"column":0},"skip":true},{"start":{"line":0,"column":0},"end":{"line":0,"column":0},"skip":true}]},"2":{"line":15,"type":"binary-expr","locations":[{"start":{"line":0,"column":0},"end":{"line":0,"column":0},"skip":true},{"start":{"line":0,"column":0},"end":{"line":0,"column":0},"skip":true}]},"3":{"line":29,"type":"cond-expr","locations":[{"start":{"line":9,"column":40},"end":{"line":9,"column":33}},{"start":{"line":9,"column":53},"end":{"line":9,"column":18}}]},"4":{"line":31,"type":"if","locations":[{"start":{"line":12,"column":2},"end":{"line":12,"column":2}},{"start":{"line":12,"column":2},"end":{"line":12,"column":2}}]},"5":{"line":31,"type":"binary-expr","locations":[{"start":{"line":12,"column":6},"end":{"line":12,"column":6}},{"start":{"line":12,"column":25},"end":{"line":12,"column":2}}]},"6":{"line":47,"type":"cond-expr","locations":[{"start":{"line":27,"column":43},"end":{"line":27,"column":6}},{"start":{"line":27,"column":75},"end":{"line":27,"column":6}}]},"7":{"line":55,"type":"cond-expr","locations":[{"start":{"line":36,"column":44},"end":{"line":36,"column":8}},{"start":{"line":36,"column":71},"end":{"line":36,"column":8}}]}}},"/Users/emily/Desktop/hw5/src/components/main/following.js":{"path":"/Users/emily/Desktop/hw5/src/components/main/following.js","s":{"1":1,"2":1,"3":1,"4":1,"5":1,"6":1,"7":1,"8":1,"9":2,"10":1,"11":0,"12":0,"13":0,"14":0,"15":0,"16":0,"17":0,"18":0,"19":1,"20":1,"21":0,"22":0,"23":0},"b":{"1":[1,1],"2":[2,2],"3":[0,0]},"f":{"1":2,"2":0,"3":0,"4":0,"5":0,"6":0,"7":0,"8":0},"fnMap":{"1":{"name":"_interopRequireDefault","line":19,"loc":{"start":{"line":0,"column":0},"end":{"line":0,"column":0},"skip":true},"skip":true},"2":{"name":"Following","line":22,"loc":{"start":{"line":7,"column":17},"end":{"line":7,"column":49}}},"3":{"name":"ref","line":33,"loc":{"start":{"line":12,"column":52},"end":{"line":12,"column":52}}},"4":{"name":"onClick","line":36,"loc":{"start":{"line":13,"column":73},"end":{"line":13,"column":79}}},"5":{"name":"(anonymous_5)","line":46,"loc":{"start":{"line":21,"column":28},"end":{"line":21,"column":42}}},"6":{"name":"(anonymous_6)","line":58,"loc":{"start":{"line":38,"column":4},"end":{"line":38,"column":13}}},"7":{"name":"(anonymous_7)","line":62,"loc":{"start":{"line":43,"column":4},"end":{"line":43,"column":18}}},"8":{"name":"addFollowerAct","line":64,"loc":{"start":{"line":45,"column":24},"end":{"line":45,"column":24}}}},"statementMap":{"1":{"start":{"line":0,"column":0},"end":{"line":0,"column":0},"skip":true},"2":{"start":{"line":2,"column":0},"end":{"line":2,"column":0}},"3":{"start":{"line":0,"column":0},"end":{"line":0,"column":0},"skip":true},"4":{"start":{"line":3,"column":0},"end":{"line":3,"column":0}},"5":{"start":{"line":4,"column":0},"end":{"line":4,"column":0}},"6":{"start":{"line":5,"column":0},"end":{"line":5,"column":0}},"7":{"start":{"line":0,"column":0},"end":{"line":0,"column":0},"skip":true},"8":{"start":{"line":0,"column":0},"end":{"line":0,"column":0},"skip":true},"9":{"start":{"line":0,"column":0},"end":{"line":0,"column":0},"skip":true},"10":{"start":{"line":7,"column":0},"end":{"line":7,"column":0}},"11":{"start":{"line":7,"column":49},"end":{"line":7,"column":49}},"12":{"start":{"line":8,"column":8},"end":{"line":8,"column":8}},"13":{"start":{"line":9,"column":8},"end":{"line":9,"column":8}},"14":{"start":{"line":12,"column":52},"end":{"line":12,"column":52}},"15":{"start":{"line":14,"column":21},"end":{"line":17,"column":25}},"16":{"start":{"line":15,"column":25},"end":{"line":15,"column":25}},"17":{"start":{"line":16,"column":24},"end":{"line":16,"column":24}},"18":{"start":{"line":22,"column":16},"end":{"line":22,"column":16}},"19":{"start":{"line":33,"column":0},"end":{"line":33,"column":0}},"20":{"start":{"line":0,"column":0},"end":{"line":0,"column":0},"skip":true},"21":{"start":{"line":39,"column":8},"end":{"line":39,"column":8}},"22":{"start":{"line":44,"column":8},"end":{"line":44,"column":8}},"23":{"start":{"line":45,"column":24},"end":{"line":45,"column":24}}},"branchMap":{"1":{"line":19,"type":"cond-expr","locations":[{"start":{"line":0,"column":0},"end":{"line":0,"column":0},"skip":true},{"start":{"line":0,"column":0},"end":{"line":0,"column":0},"skip":true}]},"2":{"line":19,"type":"binary-expr","locations":[{"start":{"line":0,"column":0},"end":{"line":0,"column":0},"skip":true},{"start":{"line":0,"column":0},"end":{"line":0,"column":0},"skip":true}]},"3":{"line":37,"type":"if","locations":[{"start":{"line":14,"column":21},"end":{"line":14,"column":21}},{"start":{"line":14,"column":21},"end":{"line":14,"column":21}}]}}},"/Users/emily/Desktop/hw5/src/components/main/follower.js":{"path":"/Users/emily/Desktop/hw5/src/components/main/follower.js","s":{"1":1,"2":1,"3":1,"4":1,"5":1,"6":1,"7":1,"8":1,"9":0,"10":0,"11":0,"12":1,"13":1,"14":0,"15":0},"b":{"1":[0,1],"2":[1,1]},"f":{"1":1,"2":0,"3":0,"4":0,"5":0},"fnMap":{"1":{"name":"_interopRequireDefault","line":15,"loc":{"start":{"line":0,"column":0},"end":{"line":0,"column":0},"skip":true},"skip":true},"2":{"name":"FollowerDiv","line":18,"loc":{"start":{"line":6,"column":20},"end":{"line":6,"column":62}}},"3":{"name":"onClick","line":38,"loc":{"start":{"line":12,"column":93},"end":{"line":12,"column":99}}},"4":{"name":"(anonymous_4)","line":50,"loc":{"start":{"line":24,"column":2},"end":{"line":24,"column":16}}},"5":{"name":"removeAct","line":52,"loc":{"start":{"line":26,"column":18},"end":{"line":26,"column":18}}}},"statementMap":{"1":{"start":{"line":0,"column":0},"end":{"line":0,"column":0},"skip":true},"2":{"start":{"line":1,"column":-15},"end":{"line":1,"column":-15}},"3":{"start":{"line":0,"column":0},"end":{"line":0,"column":0},"skip":true},"4":{"start":{"line":2,"column":0},"end":{"line":2,"column":0}},"5":{"start":{"line":3,"column":0},"end":{"line":3,"column":0}},"6":{"start":{"line":0,"column":0},"end":{"line":0,"column":0},"skip":true},"7":{"start":{"line":0,"column":0},"end":{"line":0,"column":0},"skip":true},"8":{"start":{"line":6,"column":0},"end":{"line":6,"column":0}},"9":{"start":{"line":6,"column":62},"end":{"line":6,"column":62}},"10":{"start":{"line":7,"column":4},"end":{"line":7,"column":4}},"11":{"start":{"line":12,"column":100},"end":{"line":12,"column":100}},"12":{"start":{"line":17,"column":0},"end":{"line":17,"column":0}},"13":{"start":{"line":0,"column":0},"end":{"line":0,"column":0},"skip":true},"14":{"start":{"line":25,"column":4},"end":{"line":25,"column":4}},"15":{"start":{"line":26,"column":18},"end":{"line":26,"column":18}}},"branchMap":{"1":{"line":15,"type":"cond-expr","locations":[{"start":{"line":0,"column":0},"end":{"line":0,"column":0},"skip":true},{"start":{"line":0,"column":0},"end":{"line":0,"column":0},"skip":true}]},"2":{"line":15,"type":"binary-expr","locations":[{"start":{"line":0,"column":0},"end":{"line":0,"column":0},"skip":true},{"start":{"line":0,"column":0},"end":{"line":0,"column":0},"skip":true}]}}},"/Users/emily/Desktop/hw5/src/components/article/articleView.js":{"path":"/Users/emily/Desktop/hw5/src/components/article/articleView.js","s":{"1":1,"2":1,"3":1,"4":1,"5":1,"6":1,"7":1,"8":1,"9":1,"10":1,"11":1,"12":3,"13":1,"14":0,"15":0,"16":0,"17":0,"18":0,"19":0,"20":0,"21":0,"22":1,"23":1,"24":0,"25":0,"26":0,"27":0},"b":{"1":[2,1],"2":[3,3]},"f":{"1":3,"2":0,"3":0,"4":0,"5":0,"6":0,"7":0,"8":0,"9":0,"10":0,"11":0},"fnMap":{"1":{"name":"_interopRequireDefault","line":24,"loc":{"start":{"line":0,"column":0},"end":{"line":0,"column":0},"skip":true},"skip":true},"2":{"name":"ArticleView","line":27,"loc":{"start":{"line":7,"column":27},"end":{"line":7,"column":72}}},"3":{"name":"ref","line":52,"loc":{"start":{"line":17,"column":75},"end":{"line":17,"column":85}}},"4":{"name":"onClick","line":67,"loc":{"start":{"line":21,"column":78},"end":{"line":21,"column":84}}},"5":{"name":"ref","line":79,"loc":{"start":{"line":27,"column":13},"end":{"line":27,"column":23}}},"6":{"name":"onChange","line":81,"loc":{"start":{"line":27,"column":53},"end":{"line":27,"column":59}}},"7":{"name":"(anonymous_7)","line":92,"loc":{"start":{"line":34,"column":27},"end":{"line":34,"column":27}}},"8":{"name":"(anonymous_8)","line":112,"loc":{"start":{"line":57,"column":1},"end":{"line":57,"column":12}}},"9":{"name":"(anonymous_9)","line":117,"loc":{"start":{"line":63,"column":1},"end":{"line":63,"column":15}}},"10":{"name":"postAct","line":119,"loc":{"start":{"line":65,"column":11},"end":{"line":65,"column":27}}},"11":{"name":"filterAct","line":122,"loc":{"start":{"line":67,"column":13},"end":{"line":67,"column":13}}}},"statementMap":{"1":{"start":{"line":0,"column":0},"end":{"line":0,"column":0},"skip":true},"2":{"start":{"line":0,"column":0},"end":{"line":0,"column":0},"skip":true},"3":{"start":{"line":1,"column":-15},"end":{"line":1,"column":-15}},"4":{"start":{"line":0,"column":0},"end":{"line":0,"column":0},"skip":true},"5":{"start":{"line":2,"column":0},"end":{"line":2,"column":0}},"6":{"start":{"line":3,"column":0},"end":{"line":3,"column":0}},"7":{"start":{"line":0,"column":0},"end":{"line":0,"column":0},"skip":true},"8":{"start":{"line":4,"column":0},"end":{"line":4,"column":0}},"9":{"start":{"line":5,"column":0},"end":{"line":5,"column":0}},"10":{"start":{"line":0,"column":0},"end":{"line":0,"column":0},"skip":true},"11":{"start":{"line":0,"column":0},"end":{"line":0,"column":0},"skip":true},"12":{"start":{"line":0,"column":0},"end":{"line":0,"column":0},"skip":true},"13":{"start":{"line":7,"column":7},"end":{"line":7,"column":7}},"14":{"start":{"line":7,"column":72},"end":{"line":7,"column":72}},"15":{"start":{"line":9,"column":1},"end":{"line":9,"column":1}},"16":{"start":{"line":11,"column":1},"end":{"line":11,"column":1}},"17":{"start":{"line":17,"column":86},"end":{"line":17,"column":86}},"18":{"start":{"line":22,"column":8},"end":{"line":22,"column":8}},"19":{"start":{"line":27,"column":24},"end":{"line":27,"column":24}},"20":{"start":{"line":27,"column":60},"end":{"line":27,"column":60}},"21":{"start":{"line":34,"column":27},"end":{"line":34,"column":27}},"22":{"start":{"line":51,"column":0},"end":{"line":51,"column":0}},"23":{"start":{"line":0,"column":0},"end":{"line":0,"column":0},"skip":true},"24":{"start":{"line":58,"column":2},"end":{"line":58,"column":2}},"25":{"start":{"line":64,"column":2},"end":{"line":64,"column":2}},"26":{"start":{"line":66,"column":3},"end":{"line":66,"column":3}},"27":{"start":{"line":67,"column":13},"end":{"line":67,"column":13}}},"branchMap":{"1":{"line":24,"type":"cond-expr","locations":[{"start":{"line":0,"column":0},"end":{"line":0,"column":0},"skip":true},{"start":{"line":0,"column":0},"end":{"line":0,"column":0},"skip":true}]},"2":{"line":24,"type":"binary-expr","locations":[{"start":{"line":0,"column":0},"end":{"line":0,"column":0},"skip":true},{"start":{"line":0,"column":0},"end":{"line":0,"column":0},"skip":true}]}}},"/Users/emily/Desktop/hw5/src/error.js":{"path":"/Users/emily/Desktop/hw5/src/error.js","s":{"1":1,"2":1,"3":1,"4":1,"5":1,"6":1,"7":1,"8":0,"9":0,"10":1,"11":1,"12":0},"b":{"1":[0,1],"2":[1,1],"3":[0,0],"4":[0,0]},"f":{"1":1,"2":0,"3":0},"fnMap":{"1":{"name":"_interopRequireDefault","line":13,"loc":{"start":{"line":0,"column":0},"end":{"line":0,"column":0},"skip":true},"skip":true},"2":{"name":"ErrorSuccess","line":15,"loc":{"start":{"line":5,"column":21},"end":{"line":5,"column":43}}},"3":{"name":"(anonymous_3)","line":46,"loc":{"start":{"line":24,"column":23},"end":{"line":24,"column":34}}}},"statementMap":{"1":{"start":{"line":0,"column":0},"end":{"line":0,"column":0},"skip":true},"2":{"start":{"line":2,"column":0},"end":{"line":2,"column":0}},"3":{"start":{"line":0,"column":0},"end":{"line":0,"column":0},"skip":true},"4":{"start":{"line":3,"column":0},"end":{"line":3,"column":0}},"5":{"start":{"line":0,"column":0},"end":{"line":0,"column":0},"skip":true},"6":{"start":{"line":0,"column":0},"end":{"line":0,"column":0},"skip":true},"7":{"start":{"line":5,"column":0},"end":{"line":5,"column":0}},"8":{"start":{"line":5,"column":43},"end":{"line":5,"column":43}},"9":{"start":{"line":6,"column":0},"end":{"line":6,"column":0}},"10":{"start":{"line":20,"column":0},"end":{"line":20,"column":0}},"11":{"start":{"line":0,"column":0},"end":{"line":0,"column":0},"skip":true},"12":{"start":{"line":25,"column":4},"end":{"line":25,"column":4}}},"branchMap":{"1":{"line":13,"type":"cond-expr","locations":[{"start":{"line":0,"column":0},"end":{"line":0,"column":0},"skip":true},{"start":{"line":0,"column":0},"end":{"line":0,"column":0},"skip":true}]},"2":{"line":13,"type":"binary-expr","locations":[{"start":{"line":0,"column":0},"end":{"line":0,"column":0},"skip":true},{"start":{"line":0,"column":0},"end":{"line":0,"column":0},"skip":true}]},"3":{"line":25,"type":"cond-expr","locations":[{"start":{"line":9,"column":34},"end":{"line":9,"column":14}},{"start":{"line":10,"column":16},"end":{"line":8,"column":8}}]},"4":{"line":32,"type":"cond-expr","locations":[{"start":{"line":13,"column":36},"end":{"line":13,"column":14}},{"start":{"line":14,"column":16},"end":{"line":14,"column":16}}]}}},"/Users/emily/Desktop/hw5/src/components/article/article.js":{"path":"/Users/emily/Desktop/hw5/src/components/article/article.js","s":{"1":1,"2":1,"3":1,"4":1,"5":1,"6":1,"7":1,"8":1,"9":1,"10":1,"11":1,"12":3,"13":1,"14":1,"15":1,"16":0,"17":0,"18":1,"19":1,"20":0,"21":0},"b":{"1":[2,1],"2":[3,3],"3":[1,0],"4":[1,0]},"f":{"1":3,"2":1,"3":0,"4":0,"5":0,"6":0},"fnMap":{"1":{"name":"_interopRequireDefault","line":24,"loc":{"start":{"line":0,"column":0},"end":{"line":0,"column":0},"skip":true},"skip":true},"2":{"name":"ArticleDiv","line":27,"loc":{"start":{"line":9,"column":26},"end":{"line":9,"column":88}}},"3":{"name":"onClick","line":77,"loc":{"start":{"line":22,"column":23},"end":{"line":22,"column":29}}},"4":{"name":"(anonymous_4)","line":85,"loc":{"start":{"line":25,"column":29},"end":{"line":25,"column":29}}},"5":{"name":"(anonymous_5)","line":103,"loc":{"start":{"line":51,"column":1},"end":{"line":51,"column":15}}},"6":{"name":"showAct","line":105,"loc":{"start":{"line":53,"column":13},"end":{"line":53,"column":13}}}},"statementMap":{"1":{"start":{"line":0,"column":0},"end":{"line":0,"column":0},"skip":true},"2":{"start":{"line":0,"column":0},"end":{"line":0,"column":0},"skip":true},"3":{"start":{"line":1,"column":-15},"end":{"line":1,"column":-15}},"4":{"start":{"line":0,"column":0},"end":{"line":0,"column":0},"skip":true},"5":{"start":{"line":2,"column":0},"end":{"line":2,"column":0}},"6":{"start":{"line":3,"column":0},"end":{"line":3,"column":0}},"7":{"start":{"line":0,"column":0},"end":{"line":0,"column":0},"skip":true},"8":{"start":{"line":4,"column":0},"end":{"line":4,"column":0}},"9":{"start":{"line":5,"column":0},"end":{"line":5,"column":0}},"10":{"start":{"line":0,"column":0},"end":{"line":0,"column":0},"skip":true},"11":{"start":{"line":0,"column":0},"end":{"line":0,"column":0},"skip":true},"12":{"start":{"line":0,"column":0},"end":{"line":0,"column":0},"skip":true},"13":{"start":{"line":9,"column":7},"end":{"line":9,"column":7}},"14":{"start":{"line":9,"column":88},"end":{"line":9,"column":88}},"15":{"start":{"line":10,"column":2},"end":{"line":10,"column":2}},"16":{"start":{"line":22,"column":30},"end":{"line":22,"column":30}},"17":{"start":{"line":25,"column":29},"end":{"line":25,"column":29}},"18":{"start":{"line":42,"column":0},"end":{"line":42,"column":0}},"19":{"start":{"line":0,"column":0},"end":{"line":0,"column":0},"skip":true},"20":{"start":{"line":52,"column":2},"end":{"line":52,"column":2}},"21":{"start":{"line":53,"column":13},"end":{"line":53,"column":13}}},"branchMap":{"1":{"line":24,"type":"cond-expr","locations":[{"start":{"line":0,"column":0},"end":{"line":0,"column":0},"skip":true},{"start":{"line":0,"column":0},"end":{"line":0,"column":0},"skip":true}]},"2":{"line":24,"type":"binary-expr","locations":[{"start":{"line":0,"column":0},"end":{"line":0,"column":0},"skip":true},{"start":{"line":0,"column":0},"end":{"line":0,"column":0},"skip":true}]},"3":{"line":80,"type":"cond-expr","locations":[{"start":{"line":22,"column":61},"end":{"line":22,"column":46}},{"start":{"line":22,"column":77},"end":{"line":22,"column":77}}]},"4":{"line":85,"type":"cond-expr","locations":[{"start":{"line":24,"column":27},"end":{"line":24,"column":14}},{"start":{"line":25,"column":16},"end":{"line":25,"column":16}}]}}},"/Users/emily/Desktop/hw5/src/components/article/comment.js":{"path":"/Users/emily/Desktop/hw5/src/components/article/comment.js","s":{"1":1,"2":1,"3":1,"4":1,"5":1,"6":1,"7":1,"8":0,"9":0,"10":1},"b":{"1":[0,1],"2":[1,1]},"f":{"1":1,"2":0},"fnMap":{"1":{"name":"_interopRequireDefault","line":13,"loc":{"start":{"line":0,"column":0},"end":{"line":0,"column":0},"skip":true},"skip":true},"2":{"name":"Comment","line":15,"loc":{"start":{"line":4,"column":16},"end":{"line":4,"column":42}}}},"statementMap":{"1":{"start":{"line":0,"column":0},"end":{"line":0,"column":0},"skip":true},"2":{"start":{"line":1,"column":-15},"end":{"line":1,"column":-15}},"3":{"start":{"line":0,"column":0},"end":{"line":0,"column":0},"skip":true},"4":{"start":{"line":2,"column":0},"end":{"line":2,"column":0}},"5":{"start":{"line":0,"column":0},"end":{"line":0,"column":0},"skip":true},"6":{"start":{"line":0,"column":0},"end":{"line":0,"column":0},"skip":true},"7":{"start":{"line":4,"column":0},"end":{"line":4,"column":0}},"8":{"start":{"line":4,"column":42},"end":{"line":4,"column":42}},"9":{"start":{"line":5,"column":4},"end":{"line":5,"column":4}},"10":{"start":{"line":0,"column":0},"end":{"line":0,"column":0},"skip":true}},"branchMap":{"1":{"line":13,"type":"cond-expr","locations":[{"start":{"line":0,"column":0},"end":{"line":0,"column":0},"skip":true},{"start":{"line":0,"column":0},"end":{"line":0,"column":0},"skip":true}]},"2":{"line":13,"type":"binary-expr","locations":[{"start":{"line":0,"column":0},"end":{"line":0,"column":0},"skip":true},{"start":{"line":0,"column":0},"end":{"line":0,"column":0},"skip":true}]}}},"/Users/emily/Desktop/hw5/src/components/auth/landing.js":{"path":"/Users/emily/Desktop/hw5/src/components/auth/landing.js","s":{"1":1,"2":1,"3":1,"4":1,"5":1,"6":1,"7":1,"8":1,"9":1,"10":1,"11":1,"12":4,"13":1,"14":0,"15":1},"b":{"1":[3,1],"2":[4,4]},"f":{"1":4,"2":0},"fnMap":{"1":{"name":"_interopRequireDefault","line":25,"loc":{"start":{"line":0,"column":0},"end":{"line":0,"column":0},"skip":true},"skip":true},"2":{"name":"Landing","line":28,"loc":{"start":{"line":8,"column":16},"end":{"line":8,"column":22}}}},"statementMap":{"1":{"start":{"line":0,"column":0},"end":{"line":0,"column":0},"skip":true},"2":{"start":{"line":1,"column":-15},"end":{"line":1,"column":-15}},"3":{"start":{"line":0,"column":0},"end":{"line":0,"column":0},"skip":true},"4":{"start":{"line":2,"column":0},"end":{"line":2,"column":0}},"5":{"start":{"line":3,"column":0},"end":{"line":3,"column":0}},"6":{"start":{"line":0,"column":0},"end":{"line":0,"column":0},"skip":true},"7":{"start":{"line":4,"column":0},"end":{"line":4,"column":0}},"8":{"start":{"line":0,"column":0},"end":{"line":0,"column":0},"skip":true},"9":{"start":{"line":5,"column":0},"end":{"line":5,"column":0}},"10":{"start":{"line":0,"column":0},"end":{"line":0,"column":0},"skip":true},"11":{"start":{"line":0,"column":0},"end":{"line":0,"column":0},"skip":true},"12":{"start":{"line":0,"column":0},"end":{"line":0,"column":0},"skip":true},"13":{"start":{"line":8,"column":0},"end":{"line":8,"column":0}},"14":{"start":{"line":9,"column":4},"end":{"line":9,"column":4}},"15":{"start":{"line":0,"column":0},"end":{"line":0,"column":0},"skip":true}},"branchMap":{"1":{"line":25,"type":"cond-expr","locations":[{"start":{"line":0,"column":0},"end":{"line":0,"column":0},"skip":true},{"start":{"line":0,"column":0},"end":{"line":0,"column":0},"skip":true}]},"2":{"line":25,"type":"binary-expr","locations":[{"start":{"line":0,"column":0},"end":{"line":0,"column":0},"skip":true},{"start":{"line":0,"column":0},"end":{"line":0,"column":0},"skip":true}]}}},"/Users/emily/Desktop/hw5/src/components/auth/login.js":{"path":"/Users/emily/Desktop/hw5/src/components/auth/login.js","s":{"1":1,"2":1,"3":1,"4":1,"5":1,"6":1,"7":1,"8":1,"9":0,"10":0,"11":0,"12":0,"13":0,"14":0,"15":1,"16":0,"17":0},"b":{"1":[0,1],"2":[1,1]},"f":{"1":1,"2":0,"3":0,"4":0,"5":0,"6":0,"7":0},"fnMap":{"1":{"name":"_interopRequireDefault","line":15,"loc":{"start":{"line":0,"column":0},"end":{"line":0,"column":0},"skip":true},"skip":true},"2":{"name":"Login","line":18,"loc":{"start":{"line":6,"column":14},"end":{"line":6,"column":34}}},"3":{"name":"ref","line":42,"loc":{"start":{"line":14,"column":73},"end":{"line":14,"column":83}}},"4":{"name":"ref","line":54,"loc":{"start":{"line":18,"column":83},"end":{"line":18,"column":93}}},"5":{"name":"onClick","line":58,"loc":{"start":{"line":20,"column":103},"end":{"line":20,"column":103}}},"6":{"name":"(anonymous_6)","line":65,"loc":{"start":{"line":28,"column":2},"end":{"line":28,"column":16}}},"7":{"name":"loginAction","line":67,"loc":{"start":{"line":30,"column":19},"end":{"line":30,"column":19}}}},"statementMap":{"1":{"start":{"line":0,"column":0},"end":{"line":0,"column":0},"skip":true},"2":{"start":{"line":1,"column":-15},"end":{"line":1,"column":-15}},"3":{"start":{"line":0,"column":0},"end":{"line":0,"column":0},"skip":true},"4":{"start":{"line":2,"column":0},"end":{"line":2,"column":0}},"5":{"start":{"line":3,"column":0},"end":{"line":3,"column":0}},"6":{"start":{"line":0,"column":0},"end":{"line":0,"column":0},"skip":true},"7":{"start":{"line":0,"column":0},"end":{"line":0,"column":0},"skip":true},"8":{"start":{"line":6,"column":0},"end":{"line":6,"column":0}},"9":{"start":{"line":6,"column":34},"end":{"line":6,"column":34}},"10":{"start":{"line":7,"column":4},"end":{"line":7,"column":4}},"11":{"start":{"line":8,"column":4},"end":{"line":8,"column":4}},"12":{"start":{"line":14,"column":85},"end":{"line":14,"column":85}},"13":{"start":{"line":18,"column":95},"end":{"line":18,"column":95}},"14":{"start":{"line":20,"column":103},"end":{"line":20,"column":103}},"15":{"start":{"line":0,"column":0},"end":{"line":0,"column":0},"skip":true},"16":{"start":{"line":29,"column":4},"end":{"line":29,"column":4}},"17":{"start":{"line":30,"column":19},"end":{"line":30,"column":19}}},"branchMap":{"1":{"line":15,"type":"cond-expr","locations":[{"start":{"line":0,"column":0},"end":{"line":0,"column":0},"skip":true},{"start":{"line":0,"column":0},"end":{"line":0,"column":0},"skip":true}]},"2":{"line":15,"type":"binary-expr","locations":[{"start":{"line":0,"column":0},"end":{"line":0,"column":0},"skip":true},{"start":{"line":0,"column":0},"end":{"line":0,"column":0},"skip":true}]}}},"/Users/emily/Desktop/hw5/src/components/auth/register.js":{"path":"/Users/emily/Desktop/hw5/src/components/auth/register.js","s":{"1":1,"2":1,"3":1,"4":1,"5":1,"6":1,"7":1,"8":1,"9":2,"10":1,"11":0,"12":0,"13":0,"14":0,"15":0,"16":0,"17":0,"18":0,"19":0,"20":0,"21":0,"22":0,"23":1,"24":0,"25":0},"b":{"1":[1,1],"2":[2,2]},"f":{"1":2,"2":0,"3":0,"4":0,"5":0,"6":0,"7":0,"8":0,"9":0,"10":0,"11":0,"12":0,"13":0},"fnMap":{"1":{"name":"_interopRequireDefault","line":19,"loc":{"start":{"line":0,"column":0},"end":{"line":0,"column":0},"skip":true},"skip":true},"2":{"name":"Register","line":22,"loc":{"start":{"line":7,"column":17},"end":{"line":7,"column":37}}},"3":{"name":"ref","line":53,"loc":{"start":{"line":16,"column":60},"end":{"line":16,"column":70}}},"4":{"name":"ref","line":65,"loc":{"start":{"line":20,"column":63},"end":{"line":20,"column":73}}},"5":{"name":"ref","line":77,"loc":{"start":{"line":24,"column":83},"end":{"line":24,"column":93}}},"6":{"name":"ref","line":89,"loc":{"start":{"line":28,"column":84},"end":{"line":28,"column":94}}},"7":{"name":"ref","line":101,"loc":{"start":{"line":32,"column":81},"end":{"line":32,"column":91}}},"8":{"name":"ref","line":113,"loc":{"start":{"line":36,"column":92},"end":{"line":36,"column":102}}},"9":{"name":"ref","line":125,"loc":{"start":{"line":40,"column":77},"end":{"line":40,"column":87}}},"10":{"name":"ref","line":137,"loc":{"start":{"line":44,"column":89},"end":{"line":44,"column":99}}},"11":{"name":"onClick","line":142,"loc":{"start":{"line":47,"column":93},"end":{"line":47,"column":98}}},"12":{"name":"(anonymous_12)","line":149,"loc":{"start":{"line":58,"column":2},"end":{"line":58,"column":16}}},"13":{"name":"registerAction","line":151,"loc":{"start":{"line":60,"column":22},"end":{"line":60,"column":22}}}},"statementMap":{"1":{"start":{"line":0,"column":0},"end":{"line":0,"column":0},"skip":true},"2":{"start":{"line":1,"column":-15},"end":{"line":1,"column":-15}},"3":{"start":{"line":0,"column":0},"end":{"line":0,"column":0},"skip":true},"4":{"start":{"line":2,"column":0},"end":{"line":2,"column":0}},"5":{"start":{"line":3,"column":0},"end":{"line":3,"column":0}},"6":{"start":{"line":4,"column":0},"end":{"line":4,"column":0}},"7":{"start":{"line":0,"column":0},"end":{"line":0,"column":0},"skip":true},"8":{"start":{"line":0,"column":0},"end":{"line":0,"column":0},"skip":true},"9":{"start":{"line":0,"column":0},"end":{"line":0,"column":0},"skip":true},"10":{"start":{"line":7,"column":0},"end":{"line":7,"column":0}},"11":{"start":{"line":7,"column":37},"end":{"line":7,"column":37}},"12":{"start":{"line":9,"column":4},"end":{"line":9,"column":4}},"13":{"start":{"line":10,"column":4},"end":{"line":10,"column":4}},"14":{"start":{"line":16,"column":72},"end":{"line":16,"column":72}},"15":{"start":{"line":20,"column":75},"end":{"line":20,"column":75}},"16":{"start":{"line":24,"column":95},"end":{"line":24,"column":95}},"17":{"start":{"line":28,"column":96},"end":{"line":28,"column":96}},"18":{"start":{"line":32,"column":93},"end":{"line":32,"column":93}},"19":{"start":{"line":36,"column":104},"end":{"line":36,"column":104}},"20":{"start":{"line":40,"column":89},"end":{"line":40,"column":89}},"21":{"start":{"line":44,"column":101},"end":{"line":44,"column":101}},"22":{"start":{"line":48,"column":18},"end":{"line":48,"column":18}},"23":{"start":{"line":0,"column":0},"end":{"line":0,"column":0},"skip":true},"24":{"start":{"line":59,"column":4},"end":{"line":59,"column":4}},"25":{"start":{"line":60,"column":22},"end":{"line":60,"column":22}}},"branchMap":{"1":{"line":19,"type":"cond-expr","locations":[{"start":{"line":0,"column":0},"end":{"line":0,"column":0},"skip":true},{"start":{"line":0,"column":0},"end":{"line":0,"column":0},"skip":true}]},"2":{"line":19,"type":"binary-expr","locations":[{"start":{"line":0,"column":0},"end":{"line":0,"column":0},"skip":true},{"start":{"line":0,"column":0},"end":{"line":0,"column":0},"skip":true}]}}},"/Users/emily/Desktop/hw5/src/components/profile/profile.js":{"path":"/Users/emily/Desktop/hw5/src/components/profile/profile.js","s":{"1":1,"2":1,"3":1,"4":1,"5":1,"6":1,"7":1,"8":1,"9":1,"10":1,"11":1,"12":1,"13":4,"14":1,"15":0,"16":0,"17":0,"18":1,"19":0,"20":0},"b":{"1":[3,1],"2":[4,4]},"f":{"1":4,"2":0,"3":0,"4":0,"5":0},"fnMap":{"1":{"name":"_interopRequireDefault","line":27,"loc":{"start":{"line":0,"column":0},"end":{"line":0,"column":0},"skip":true},"skip":true},"2":{"name":"Profile","line":30,"loc":{"start":{"line":9,"column":16},"end":{"line":9,"column":33}}},"3":{"name":"onClick","line":50,"loc":{"start":{"line":15,"column":38},"end":{"line":15,"column":44}}},"4":{"name":"(anonymous_4)","line":62,"loc":{"start":{"line":24,"column":1},"end":{"line":24,"column":15}}},"5":{"name":"toMainAct","line":64,"loc":{"start":{"line":26,"column":13},"end":{"line":26,"column":13}}}},"statementMap":{"1":{"start":{"line":0,"column":0},"end":{"line":0,"column":0},"skip":true},"2":{"start":{"line":1,"column":-15},"end":{"line":1,"column":-15}},"3":{"start":{"line":0,"column":0},"end":{"line":0,"column":0},"skip":true},"4":{"start":{"line":2,"column":0},"end":{"line":2,"column":0}},"5":{"start":{"line":3,"column":0},"end":{"line":3,"column":0}},"6":{"start":{"line":0,"column":0},"end":{"line":0,"column":0},"skip":true},"7":{"start":{"line":4,"column":0},"end":{"line":4,"column":0}},"8":{"start":{"line":0,"column":0},"end":{"line":0,"column":0},"skip":true},"9":{"start":{"line":5,"column":0},"end":{"line":5,"column":0}},"10":{"start":{"line":6,"column":0},"end":{"line":6,"column":0}},"11":{"start":{"line":0,"column":0},"end":{"line":0,"column":0},"skip":true},"12":{"start":{"line":0,"column":0},"end":{"line":0,"column":0},"skip":true},"13":{"start":{"line":0,"column":0},"end":{"line":0,"column":0},"skip":true},"14":{"start":{"line":9,"column":0},"end":{"line":9,"column":0}},"15":{"start":{"line":9,"column":33},"end":{"line":9,"column":33}},"16":{"start":{"line":10,"column":4},"end":{"line":10,"column":4}},"17":{"start":{"line":15,"column":45},"end":{"line":15,"column":45}},"18":{"start":{"line":0,"column":0},"end":{"line":0,"column":0},"skip":true},"19":{"start":{"line":25,"column":2},"end":{"line":25,"column":2}},"20":{"start":{"line":26,"column":13},"end":{"line":26,"column":13}}},"branchMap":{"1":{"line":27,"type":"cond-expr","locations":[{"start":{"line":0,"column":0},"end":{"line":0,"column":0},"skip":true},{"start":{"line":0,"column":0},"end":{"line":0,"column":0},"skip":true}]},"2":{"line":27,"type":"binary-expr","locations":[{"start":{"line":0,"column":0},"end":{"line":0,"column":0},"skip":true},{"start":{"line":0,"column":0},"end":{"line":0,"column":0},"skip":true}]}}},"/Users/emily/Desktop/hw5/src/components/profile/avatar.js":{"path":"/Users/emily/Desktop/hw5/src/components/profile/avatar.js","s":{"1":1,"2":1,"3":1,"4":1,"5":1,"6":1,"7":1,"8":0,"9":0,"10":0,"11":0,"12":0,"13":0,"14":0,"15":1,"16":1,"17":0},"b":{"1":[0,1],"2":[1,1]},"f":{"1":1,"2":0,"3":0},"fnMap":{"1":{"name":"_interopRequireDefault","line":13,"loc":{"start":{"line":0,"column":0},"end":{"line":0,"column":0},"skip":true},"skip":true},"2":{"name":"Avatar","line":16,"loc":{"start":{"line":4,"column":15},"end":{"line":4,"column":30}}},"3":{"name":"(anonymous_3)","line":136,"loc":{"start":{"line":51,"column":1},"end":{"line":51,"column":10}}}},"statementMap":{"1":{"start":{"line":0,"column":0},"end":{"line":0,"column":0},"skip":true},"2":{"start":{"line":1,"column":-15},"end":{"line":1,"column":-15}},"3":{"start":{"line":0,"column":0},"end":{"line":0,"column":0},"skip":true},"4":{"start":{"line":2,"column":0},"end":{"line":2,"column":0}},"5":{"start":{"line":0,"column":0},"end":{"line":0,"column":0},"skip":true},"6":{"start":{"line":0,"column":0},"end":{"line":0,"column":0},"skip":true},"7":{"start":{"line":4,"column":0},"end":{"line":4,"column":0}},"8":{"start":{"line":4,"column":30},"end":{"line":4,"column":30}},"9":{"start":{"line":5,"column":1},"end":{"line":5,"column":1}},"10":{"start":{"line":6,"column":1},"end":{"line":6,"column":1}},"11":{"start":{"line":7,"column":1},"end":{"line":7,"column":1}},"12":{"start":{"line":8,"column":1},"end":{"line":8,"column":1}},"13":{"start":{"line":9,"column":1},"end":{"line":9,"column":1}},"14":{"start":{"line":10,"column":1},"end":{"line":10,"column":1}},"15":{"start":{"line":45,"column":0},"end":{"line":45,"column":0}},"16":{"start":{"line":0,"column":0},"end":{"line":0,"column":0},"skip":true},"17":{"start":{"line":52,"column":8},"end":{"line":52,"column":8}}},"branchMap":{"1":{"line":13,"type":"cond-expr","locations":[{"start":{"line":0,"column":0},"end":{"line":0,"column":0},"skip":true},{"start":{"line":0,"column":0},"end":{"line":0,"column":0},"skip":true}]},"2":{"line":13,"type":"binary-expr","locations":[{"start":{"line":0,"column":0},"end":{"line":0,"column":0},"skip":true},{"start":{"line":0,"column":0},"end":{"line":0,"column":0},"skip":true}]}}},"/Users/emily/Desktop/hw5/src/components/profile/profileForm.js":{"path":"/Users/emily/Desktop/hw5/src/components/profile/profileForm.js","s":{"1":1,"2":1,"3":1,"4":1,"5":1,"6":1,"7":1,"8":1,"9":1,"10":0,"11":0,"12":0,"13":0,"14":0,"15":0,"16":0,"17":0,"18":0,"19":0,"20":0,"21":0,"22":0,"23":0,"24":0,"25":0,"26":0,"27":1,"28":0,"29":0},"b":{"1":[0,1],"2":[1,1]},"f":{"1":1,"2":0,"3":0,"4":0,"5":0,"6":0,"7":0,"8":0,"9":0,"10":0,"11":0,"12":0},"fnMap":{"1":{"name":"_interopRequireDefault","line":16,"loc":{"start":{"line":0,"column":0},"end":{"line":0,"column":0},"skip":true},"skip":true},"2":{"name":"ProfileForm","line":19,"loc":{"start":{"line":6,"column":27},"end":{"line":6,"column":44}}},"3":{"name":"onSubmit","line":51,"loc":{"start":{"line":16,"column":18},"end":{"line":16,"column":25}}},"4":{"name":"ref","line":63,"loc":{"start":{"line":24,"column":31},"end":{"line":24,"column":41}}},"5":{"name":"ref","line":75,"loc":{"start":{"line":29,"column":65},"end":{"line":29,"column":75}}},"6":{"name":"ref","line":87,"loc":{"start":{"line":34,"column":60},"end":{"line":34,"column":70}}},"7":{"name":"ref","line":99,"loc":{"start":{"line":39,"column":49},"end":{"line":39,"column":59}}},"8":{"name":"ref","line":111,"loc":{"start":{"line":44,"column":35},"end":{"line":44,"column":45}}},"9":{"name":"ref","line":123,"loc":{"start":{"line":49,"column":35},"end":{"line":49,"column":45}}},"10":{"name":"onClick","line":132,"loc":{"start":{"line":55,"column":18},"end":{"line":55,"column":22}}},"11":{"name":"(anonymous_11)","line":148,"loc":{"start":{"line":77,"column":1},"end":{"line":77,"column":15}}},"12":{"name":"updateAct","line":150,"loc":{"start":{"line":79,"column":13},"end":{"line":79,"column":13}}}},"statementMap":{"1":{"start":{"line":0,"column":0},"end":{"line":0,"column":0},"skip":true},"2":{"start":{"line":0,"column":0},"end":{"line":0,"column":0},"skip":true},"3":{"start":{"line":1,"column":-15},"end":{"line":1,"column":-15}},"4":{"start":{"line":0,"column":0},"end":{"line":0,"column":0},"skip":true},"5":{"start":{"line":2,"column":0},"end":{"line":2,"column":0}},"6":{"start":{"line":3,"column":0},"end":{"line":3,"column":0}},"7":{"start":{"line":0,"column":0},"end":{"line":0,"column":0},"skip":true},"8":{"start":{"line":0,"column":0},"end":{"line":0,"column":0},"skip":true},"9":{"start":{"line":6,"column":7},"end":{"line":6,"column":7}},"10":{"start":{"line":6,"column":44},"end":{"line":6,"column":44}},"11":{"start":{"line":8,"column":1},"end":{"line":8,"column":1}},"12":{"start":{"line":10,"column":1},"end":{"line":10,"column":1}},"13":{"start":{"line":17,"column":16},"end":{"line":17,"column":16}},"14":{"start":{"line":18,"column":16},"end":{"line":18,"column":16}},"15":{"start":{"line":24,"column":42},"end":{"line":24,"column":42}},"16":{"start":{"line":29,"column":76},"end":{"line":29,"column":76}},"17":{"start":{"line":34,"column":71},"end":{"line":34,"column":71}},"18":{"start":{"line":39,"column":60},"end":{"line":39,"column":60}},"19":{"start":{"line":44,"column":46},"end":{"line":44,"column":46}},"20":{"start":{"line":49,"column":46},"end":{"line":49,"column":46}},"21":{"start":{"line":56,"column":12},"end":{"line":56,"column":12}},"22":{"start":{"line":57,"column":12},"end":{"line":57,"column":12}},"23":{"start":{"line":58,"column":12},"end":{"line":58,"column":12}},"24":{"start":{"line":59,"column":12},"end":{"line":59,"column":12}},"25":{"start":{"line":60,"column":12},"end":{"line":60,"column":12}},"26":{"start":{"line":61,"column":12},"end":{"line":61,"column":12}},"27":{"start":{"line":0,"column":0},"end":{"line":0,"column":0},"skip":true},"28":{"start":{"line":78,"column":2},"end":{"line":78,"column":2}},"29":{"start":{"line":79,"column":13},"end":{"line":79,"column":13}}},"branchMap":{"1":{"line":16,"type":"cond-expr","locations":[{"start":{"line":0,"column":0},"end":{"line":0,"column":0},"skip":true},{"start":{"line":0,"column":0},"end":{"line":0,"column":0},"skip":true}]},"2":{"line":16,"type":"binary-expr","locations":[{"start":{"line":0,"column":0},"end":{"line":0,"column":0},"skip":true},{"start":{"line":0,"column":0},"end":{"line":0,"column":0},"skip":true}]}}},"/Users/emily/Desktop/hw5/src/components/profile/profileActions.js":{"path":"/Users/emily/Desktop/hw5/src/components/profile/profileActions.js","s":{"1":1,"2":1,"3":1,"4":1,"5":1,"6":1,"7":1,"8":0,"9":0,"10":0,"11":0,"12":0,"13":0,"14":0,"15":0,"16":0,"17":0,"18":0,"19":0,"20":0,"21":0,"22":0,"23":0,"24":0,"25":0,"26":0,"27":1,"28":0,"29":0},"b":{"1":[1,0],"2":[1,1],"3":[0,0],"4":[0,0],"5":[0,0],"6":[0,0],"7":[0,0],"8":[0,0]},"f":{"1":1,"2":0,"3":0,"4":0,"5":0,"6":0,"7":0,"8":0},"fnMap":{"1":{"name":"_interopRequireDefault","line":12,"loc":{"start":{"line":0,"column":0},"end":{"line":0,"column":0},"skip":true},"skip":true},"2":{"name":"updateProfile","line":14,"loc":{"start":{"line":4,"column":29},"end":{"line":4,"column":29}}},"3":{"name":"(anonymous_3)","line":15,"loc":{"start":{"line":4,"column":92},"end":{"line":4,"column":106}}},"4":{"name":"(anonymous_4)","line":23,"loc":{"start":{"line":13,"column":8},"end":{"line":13,"column":22}}},"5":{"name":"(anonymous_5)","line":29,"loc":{"start":{"line":20,"column":8},"end":{"line":20,"column":22}}},"6":{"name":"(anonymous_6)","line":35,"loc":{"start":{"line":27,"column":8},"end":{"line":27,"column":22}}},"7":{"name":"toMainpage","line":46,"loc":{"start":{"line":37,"column":26},"end":{"line":37,"column":32}}},"8":{"name":"(anonymous_8)","line":47,"loc":{"start":{"line":38,"column":8},"end":{"line":38,"column":22}}}},"statementMap":{"1":{"start":{"line":0,"column":0},"end":{"line":0,"column":0},"skip":true},"2":{"start":{"line":0,"column":0},"end":{"line":0,"column":0},"skip":true},"3":{"start":{"line":1,"column":-15},"end":{"line":1,"column":-15}},"4":{"start":{"line":0,"column":0},"end":{"line":0,"column":0},"skip":true},"5":{"start":{"line":0,"
[...]
9,"column":49},"end":{"line":29,"column":57}}},"6":{"name":"(anonymous_6)","line":71,"loc":{"start":{"line":57,"column":6},"end":{"line":57,"column":18}}},"7":{"name":"(anonymous_7)","line":77,"loc":{"start":{"line":64,"column":28},"end":{"line":64,"column":36}}},"8":{"name":"(anonymous_8)","line":85,"loc":{"start":{"line":73,"column":4},"end":{"line":73,"column":4}}},"9":{"name":"(anonymous_9)","line":86,"loc":{"start":{"line":73,"column":15},"end":{"line":73,"column":27}}}},"statementMap":{"1":{"start":{"line":1,"column":-15},"end":{"line":1,"column":-15}},"2":{"start":{"line":2,"column":0},"end":{"line":2,"column":0}},"3":{"start":{"line":0,"column":0},"end":{"line":0,"column":0},"skip":true},"4":{"start":{"line":3,"column":0},"end":{"line":3,"column":0}},"5":{"start":{"line":0,"column":0},"end":{"line":0,"column":0},"skip":true},"6":{"start":{"line":4,"column":0},"end":{"line":4,"column":0}},"7":{"start":{"line":0,"column":0},"end":{"line":0,"column":0},"skip":true},"8":{"start":{"line":0,"column":0},"end":{"line":0,"column":0},"skip":true},"9":{"start":{"line":6,"column":0},"end":{"line":6,"column":0}},"10":{"start":{"line":7,"column":0},"end":{"line":7,"column":0}},"11":{"start":{"line":8,"column":2},"end":{"line":8,"column":2}},"12":{"start":{"line":9,"column":4},"end":{"line":13,"column":7}},"13":{"start":{"line":10,"column":6},"end":{"line":10,"column":6}},"14":{"start":{"line":11,"column":6},"end":{"line":11,"column":6}},"15":{"start":{"line":12,"column":6},"end":{"line":12,"column":6}},"16":{"start":{"line":14,"column":6},"end":{"line":14,"column":6}},"17":{"start":{"line":15,"column":6},"end":{"line":15,"column":6}},"18":{"start":{"line":16,"column":6},"end":{"line":16,"column":6}},"19":{"start":{"line":17,"column":6},"end":{"line":17,"column":6}},"20":{"start":{"line":18,"column":6},"end":{"line":18,"column":6}},"21":{"start":{"line":19,"column":6},"end":{"line":19,"column":6}},"22":{"start":{"line":23,"column":2},"end":{"line":23,"column":2}},"23":{"start":{"line":24,"column":6},"end":{"line":27,"column":7}},"24":{"start":{"line":25,"column":6},"end":{"line":25,"column":6}},"25":{"start":{"line":26,"column":6},"end":{"line":26,"column":6}},"26":{"start":{"line":29,"column":0},"end":{"line":29,"column":0}},"27":{"start":{"line":30,"column":2},"end":{"line":30,"column":2}},"28":{"start":{"line":31,"column":2},"end":{"line":31,"column":2}},"29":{"start":{"line":36,"column":2},"end":{"line":36,"column":2}},"30":{"start":{"line":41,"column":2},"end":{"line":41,"column":2}},"31":{"start":{"line":46,"column":2},"end":{"line":46,"column":2}},"32":{"start":{"line":51,"column":2},"end":{"line":51,"column":2}},"33":{"start":{"line":56,"column":2},"end":{"line":56,"column":2}},"34":{"start":{"line":58,"column":8},"end":{"line":58,"column":8}},"35":{"start":{"line":59,"column":8},"end":{"line":59,"column":8}},"36":{"start":{"line":64,"column":0},"end":{"line":64,"column":0}},"37":{"start":{"line":65,"column":2},"end":{"line":65,"column":2}},"38":{"start":{"line":66,"column":2},"end":{"line":66,"column":2}},"39":{"start":{"line":67,"column":2},"end":{"line":67,"column":2}},"40":{"start":{"line":72,"column":2},"end":{"line":72,"column":2}},"41":{"start":{"line":73,"column":4},"end":{"line":73,"column":4}},"42":{"start":{"line":74,"column":4},"end":{"line":74,"column":4}},"43":{"start":{"line":78,"column":2},"end":{"line":78,"column":2}}},"branchMap":{"1":{"line":15,"type":"cond-expr","locations":[{"start":{"line":0,"column":0},"end":{"line":0,"column":0},"skip":true},{"start":{"line":0,"column":0},"end":{"line":0,"column":0},"skip":true}]},"2":{"line":15,"type":"binary-expr","locations":[{"start":{"line":0,"column":0},"end":{"line":0,"column":0},"skip":true},{"start":{"line":0,"column":0},"end":{"line":0,"column":0},"skip":true}]},"3":{"line":25,"type":"if","locations":[{"start":{"line":9,"column":4},"end":{"line":9,"column":4}},{"start":{"line":9,"column":4},"end":{"line":9,"column":4}}]},"4":{"line":39,"type":"if","locations":[{"start":{"line":24,"column":6},"end":{"line":24,"column":6}},{"start":{"line":24,"column":6},"end":{"line":24,"column":6}}]}}},"/Users/emily/Desktop/hw5/src/index.js":{"path":"/Users/emily/Desktop/hw5/src/index.js","s":{"1":1,"2":1,"3":1,"4":1,"5":1,"6":1,"7":1,"8":1,"9":1,"10":1,"11":1,"12":1,"13":4,"14":1,"15":0,"16":0,"17":0},"b":{"1":[2,2],"2":[4,4]},"f":{"1":4},"fnMap":{"1":{"name":"_interopRequireDefault","line":25,"loc":{"start":{"line":0,"column":0},"end":{"line":0,"column":0},"skip":true},"skip":true}},"statementMap":{"1":{"start":{"line":5,"column":0},"end":{"line":5,"column":0}},"2":{"start":{"line":0,"column":0},"end":{"line":0,"column":0},"skip":true},"3":{"start":{"line":6,"column":0},"end":{"line":6,"column":0}},"4":{"start":{"line":8,"column":0},"end":{"line":8,"column":0}},"5":{"start":{"line":9,"column":0},"end":{"line":9,"column":0}},"6":{"start":{"line":0,"column":0},"end":{"line":0,"column":0},"skip":true},"7":{"start":{"line":10,"column":0},"end":{"line":10,"column":0}},"8":{"start":{"line":11,"column":0},"end":{"line":11,"column":0}},"9":{"start":{"line":0,"column":0},"end":{"line":0,"column":0},"skip":true},"10":{"start":{"line":12,"column":0},"end":{"line":12,"column":0}},"11":{"start":{"line":0,"column":0},"end":{"line":0,"column":0},"skip":true},"12":{"start":{"line":0,"column":0},"end":{"line":0,"column":0},"skip":true},"13":{"start":{"line":0,"column":0},"end":{"line":0,"column":0},"skip":true},"14":{"start":{"line":1,"column":-14},"end":{"line":1,"column":-14}},"15":{"start":{"line":2,"column":0},"end":{"line":2,"column":0}},"16":{"start":{"line":17,"column":0},"end":{"line":17,"column":0}},"17":{"start":{"line":20,"column":0},"end":{"line":20,"column":0}}},"branchMap":{"1":{"line":25,"type":"cond-expr","locations":[{"start":{"line":0,"column":0},"end":{"line":0,"column":0},"skip":true},{"start":{"line":0,"column":0},"end":{"line":0,"column":0},"skip":true}]},"2":{"line":25,"type":"binary-expr","locations":[{"start":{"line":0,"column":0},"end":{"line":0,"column":0},"skip":true},{"start":{"line":0,"column":0},"end":{"line":0,"column":0},"skip":true}]}}},"/Users/emily/Desktop/hw5/src/reducers.js":{"path":"/Users/emily/Desktop/hw5/src/reducers.js","s":{"1":1,"2":1,"3":0,"4":0,"5":0,"6":0,"7":0,"8":0,"9":1,"10":1,"11":1,"12":1,"13":1,"14":0,"15":0,"16":0,"17":0,"18":0,"19":1,"20":6,"21":6,"22":6,"23":6,"24":0,"25":0,"26":0,"27":0,"28":0,"29":0,"30":0,"31":0,"32":0,"33":0,"34":0,"35":1,"36":2,"37":2,"38":2,"39":2,"40":0,"41":2,"42":2,"43":2,"44":1,"45":0,"46":0,"47":0,"48":0,"49":0,"50":0,"51":0,"52":0,"53":0,"54":0,"55":0,"56":1,"57":0,"58":1,"59":1},"b":{"1":[1,0],"2":[0,0],"3":[1,0],"4":[1,1],"5":[0,0],"6":[1,5],"7":[6,6],"8":[0,0,0,0,0,0,0,0,0,0,0,1,0,2,1,0,1,0,1],"9":[2,0],"10":[0,0],"11":[0,0]},"f":{"1":0,"2":1,"3":0,"4":6,"5":2,"6":2,"7":2,"8":2,"9":2,"10":0,"11":0},"fnMap":{"1":{"name":"(anonymous_1)","line":7,"loc":{"start":{"line":0,"column":0},"end":{"line":0,"column":0},"skip":true},"skip":true},"2":{"name":"_interopRequireDefault","line":13,"loc":{"start":{"line":0,"column":0},"end":{"line":0,"column":0},"skip":true},"skip":true},"3":{"name":"_toConsumableArray","line":15,"loc":{"start":{"line":0,"column":0},"end":{"line":0,"column":0},"skip":true},"skip":true},"4":{"name":"Reducer","line":17,"loc":{"start":{"line":3,"column":16},"end":{"line":4,"column":16}}},"5":{"name":"(anonymous_5)","line":50,"loc":{"start":{"line":31,"column":69},"end":{"line":31,"column":69}}},"6":{"name":"(anonymous_6)","line":52,"loc":{"start":{"line":31,"column":103},"end":{"line":31,"column":103}}},"7":{"name":"(anonymous_7)","line":55,"loc":{"start":{"line":32,"column":63},"end":{"line":32,"column":63}}},"8":{"name":"(anonymous_8)","line":57,"loc":{"start":{"line":32,"column":97},"end":{"line":32,"column":97}}},"9":{"name":"(anonymous_9)","line":67,"loc":{"start":{"line":39,"column":20},"end":{"line":39,"column":31}}},"10":{"name":"(anonymous_10)","line":78,"loc":{"start":{"line":47,"column":44},"end":{"line":47,"column":55}}},"11":{"name":"(anonymous_11)","line":87,"loc":{"start":{"line":51,"column":73},"end":{"line":51,"column":84}}}},"statementMap":{"1":{"start":{"line":0,"column":0},"end":{"line":0,"column":0},"skip":true},"2":{"start":{"line":0,"column":0},"end":{"line":0,"column":0},"skip":true},"3":{"start":{"line":0,"column":0},"end":{"line":0,"column":0},"skip":true},"4":{"start":{"line":0,"column":0},"end":{"line":0,"column":0},"skip":true},"5":{"start":{"line":0,"column":0},"end":{"line":0,"column":0},"skip":true},"6":{"start":{"line":0,"column":0},"end":{"line":0,"column":0},"skip":true},"7":{"start":{"line":0,"column":0},"end":{"line":0,"column":0},"skip":true},"8":{"start":{"line":0,"column":0},"end":{"line":0,"column":0},"skip":true},"9":{"start":{"line":1,"column":-15},"end":{"line":1,"column":-15}},"10":{"start":{"line":0,"column":0},"end":{"line":0,"column":0},"skip":true},"11":{"start":{"line":0,"column":0},"end":{"line":0,"column":0},"skip":true},"12":{"start":{"line":0,"column":0},"end":{"line":0,"column":0},"skip":true},"13":{"start":{"line":0,"column":0},"end":{"line":0,"column":0},"skip":true},"14":{"start":{"line":0,"column":0},"end":{"line":0,"column":0},"skip":true},"15":{"start":{"line":0,"column":0},"end":{"line":0,"column":0},"skip":true},"16":{"start":{"line":0,"column":0},"end":{"line":0,"column":0},"skip":true},"17":{"start":{"line":0,"column":0},"end":{"line":0,"column":0},"skip":true},"18":{"start":{"line":0,"column":0},"end":{"line":0,"column":0},"skip":true},"19":{"start":{"line":3,"column":0},"end":{"line":3,"column":0}},"20":{"start":{"line":4,"column":16},"end":{"line":4,"column":16}},"21":{"start":{"line":4,"column":16},"end":{"line":4,"column":16}},"22":{"start":{"line":5,"column":4},"end":{"line":5,"column":4}},"23":{"start":{"line":6,"column":4},"end":{"line":6,"column":4}},"24":{"start":{"line":8,"column":12},"end":{"line":8,"column":12}},"25":{"start":{"line":10,"column":12},"end":{"line":10,"column":12}},"26":{"start":{"line":12,"column":12},"end":{"line":12,"column":12}},"27":{"start":{"line":14,"column":12},"end":{"line":14,"column":12}},"28":{"start":{"line":16,"column":12},"end":{"line":16,"column":12}},"29":{"start":{"line":18,"column":12},"end":{"line":18,"column":12}},"30":{"start":{"line":20,"column":12},"end":{"line":20,"column":12}},"31":{"start":{"line":22,"column":12},"end":{"line":22,"column":12}},"32":{"start":{"line":24,"column":12},"end":{"line":24,"column":12}},"33":{"start":{"line":26,"column":12},"end":{"line":26,"column":12}},"34":{"start":{"line":28,"column":12},"end":{"line":28,"column":12}},"35":{"start":{"line":30,"column":12},"end":{"line":30,"column":12}},"36":{"start":{"line":31,"column":69},"end":{"line":31,"column":69}},"37":{"start":{"line":31,"column":103},"end":{"line":31,"column":103}},"38":{"start":{"line":32,"column":63},"end":{"line":32,"column":63}},"39":{"start":{"line":32,"column":97},"end":{"line":32,"column":97}},"40":{"start":{"line":36,"column":12},"end":{"line":36,"column":12}},"41":{"start":{"line":38,"column":12},"end":{"line":38,"column":12}},"42":{"start":{"line":40,"column":24},"end":{"line":40,"column":115}},"43":{"start":{"line":40,"column":42},"end":{"line":40,"column":42}},"44":{"start":{"line":44,"column":12},"end":{"line":44,"column":12}},"45":{"start":{"line":46,"column":12},"end":{"line":46,"column":12}},"46":{"start":{"line":47,"column":56},"end":{"line":47,"column":56}},"47":{"start":{"line":48,"column":56},"end":{"line":49,"column":95}},"48":{"start":{"line":48,"column":83},"end":{"line":48,"column":83}},"49":{"start":{"line":49,"column":61},"end":{"line":49,"column":61}},"50":{"start":{"line":50,"column":56},"end":{"line":50,"column":56}},"51":{"start":{"line":51,"column":85},"end":{"line":51,"column":85}},"52":{"start":{"line":52,"column":60},"end":{"line":53,"column":99}},"53":{"start":{"line":52,"column":87},"end":{"line":52,"column":87}},"54":{"start":{"line":53,"column":65},"end":{"line":53,"column":65}},"55":{"start":{"line":54,"column":60},"end":{"line":54,"column":60}},"56":{"start":{"line":57,"column":12},"end":{"line":57,"column":12}},"57":{"start":{"line":59,"column":12},"end":{"line":59,"column":12}},"58":{"start":{"line":61,"column":12},"end":{"line":61,"column":12}},"59":{"start":{"line":0,"column":0},"end":{"line":0,"column":0},"skip":true}},"branchMap":{"1":{"line":7,"type":"binary-expr","locations":[{"start":{"line":0,"column":0},"end":{"line":0,"column":0},"skip":true},{"start":{"line":0,"column":0},"end":{"line":0,"column":0},"skip":true}]},"2":{"line":7,"type":"if","locations":[{"start":{"line":0,"column":0},"end":{"line":0,"column":0},"skip":true},{"start":{"line":0,"column":0},"end":{"line":0,"column":0},"skip":true}]},"3":{"line":13,"type":"cond-expr","locations":[{"start":{"line":0,"column":0},"end":{"line":0,"column":0},"skip":true},{"start":{"line":0,"column":0},"end":{"line":0,"column":0},"skip":true}]},"4":{"line":13,"type":"binary-expr","locations":[{"start":{"line":0,"column":0},"end":{"line":0,"column":0},"skip":true},{"start":{"line":0,"column":0},"end":{"line":0,"column":0},"skip":true}]},"5":{"line":15,"type":"if","locations":[{"start":{"line":0,"column":0},"end":{"line":0,"column":0},"skip":true},{"start":{"line":0,"column":0},"end":{"line":0,"column":0},"skip":true}]},"6":{"line":18,"type":"cond-expr","locations":[{"start":{"line":4,"column":16},"end":{"line":4,"column":16}},{"start":{"line":3,"column":26},"end":{"line":4,"column":16}}]},"7":{"line":18,"type":"binary-expr","locations":[{"start":{"line":4,"column":16},"end":{"line":4,"column":16}},{"start":{"line":4,"column":16},"end":{"line":4,"column":16}}]},"8":{"line":22,"type":"switch","locations":[{"start":{"line":7,"column":8},"end":{"line":8,"column":12}},{"start":{"line":9,"column":8},"end":{"line":10,"column":12}},{"start":{"line":11,"column":8},"end":{"line":12,"column":12}},{"start":{"line":13,"column":8},"end":{"line":14,"column":12}},{"start":{"line":15,"column":8},"end":{"line":16,"column":12}},{"start":{"line":17,"column":8},"end":{"line":18,"column":12}},{"start":{"line":19,"column":8},"end":{"line":20,"column":12}},{"start":{"line":21,"column":8},"end":{"line":22,"column":12}},{"start":{"line":23,"column":8},"end":{"line":24,"column":12}},{"start":{"line":25,"column":8},"end":{"line":26,"column":12}},{"start":{"line":27,"column":8},"end":{"line":28,"column":12}},{"start":{"line":29,"column":8},"end":{"line":34,"column":9}},{"start":{"line":35,"column":8},"end":{"line":36,"column":132}},{"start":{"line":37,"column":8},"end":{"line":38,"column":12}},{"start":{"line":43,"column":8},"end":{"line":44,"column":12}},{"start":{"line":45,"column":8},"end":{"line":46,"column":12}},{"start":{"line":56,"column":8},"end":{"line":57,"column":12}},{"start":{"line":58,"column":8},"end":{"line":59,"column":12}},{"start":{"line":60,"column":8},"end":{"line":61,"column":12}}]},"9":{"line":68,"type":"if","locations":[{"start":{"line":40,"column":24},"end":{"line":40,"column":24}},{"start":{"line":40,"column":24},"end":{"line":40,"column":24}}]},"10":{"line":80,"type":"if","locations":[{"start":{"line":48,"column":56},"end":{"line":48,"column":56}},{"start":{"line":48,"column":56},"end":{"line":48,"column":56}}]},"11":{"line":89,"type":"if","locations":[{"start":{"line":52,"column":60},"end":{"line":52,"column":60}},{"start":{"line":52,"column":60},"end":{"line":52,"column":60}}]}}},"/Users/emily/Desktop/hw5/src/reducers.spec.js":{"path":"/Users/emily/Desktop/hw5/src/reducers.spec.js","s":{"1":1,"2":0,"3":0,"4":0,"5":0,"6":0,"7":0,"8":1,"9":1,"10":1,"11":1,"12":1,"13":1,"14":1,"15":1,"16":3,"17":1,"18":1,"19":0,"20":0,"21":0,"22":0,"23":0,"24":0,"25":0,"26":0,"27":0,"28":0,"29":0,"30":0,"31":0,"32":0,"33":0},"b":{"1":[1,0],"2":[0,0],"3":[2,1],"4":[3,3]},"f":{"1":0,"2":3,"3":0,"4":0,"5":0,"6":0,"7":0,"8":0,"9":0},"fnMap":{"1":{"name":"(anonymous_1)","line":3,"loc":{"start":{"line":0,"column":0},"end":{"line":0,"column":0},"skip":true},"skip":true},"2":{"name":"_interopRequireDefault","line":19,"loc":{"start":{"line":0,"column":0},"end":{"line":0,"column":0},"skip":true},"skip":true},"3":{"name":"(anonymous_3)","line":27,"loc":{"start":{"line":12,"column":29},"end":{"line":12,"column":34}}},"4":{"name":"(anonymous_4)","line":28,"loc":{"start":{"line":13,"column":31},"end":{"line":13,"column":35}}},"5":{"name":"(anonymous_5)","line":32,"loc":{"start":{"line":17,"column":27},"end":{"line":17,"column":32}}},"6":{"name":"(anonymous_6)","line":36,"loc":{"start":{"line":22,"column":25},"end":{"line":22,"column":30}}},"7":{"name":"(anonymous_7)","line":39,"loc":{"start":{"line":27,"column":30},"end":{"line":27,"column":35}}},"8":{"name":"(anonymous_8)","line":43,"loc":{"start":{"line":34,"column":36},"end":{"line":34,"column":41}}},"9":{"name":"(anonymous_9)","line":47,"loc":{"start":{"line":39,"column":61},"end":{"line":39,"column":66}}}},"statementMap":{"1":{"start":{"line":0,"column":0},"end":{"line":0,"column":0},"skip":true},"2":{"start":{"line":0,"column":0},"end":{"line":0,"column":0},"skip":true},"3":{"start":{"line":0,"column":0},"end":{"line":0,"column":0},"skip":true},"4":{"start":{"line":0,"column":0},"end":{"line":0,"column":0},"skip":true},"5":{"start":{"line":0,"column":0},"end":{"line":0,"column":0},"skip":true},"6":{"start":{"line":0,"column":0},"end":{"line":0,"column":0},"skip":true},"7":{"start":{"line":0,"column":0},"end":{"line":0,"column":0},"skip":true},"8":{"start":{"line":1,"column":-15},"end":{"line":1,"column":-15}},"9":{"start":{"line":2,"column":0},"end":{"line":2,"column":0}},"10":{"start":{"line":0,"column":0},"end":{"line":0,"column":0},"skip":true},"11":{"start":{"line":3,"column":0},"end":{"line":3,"column":0}},"12":{"start":{"line":0,"column":0},"end":{"line":0,"column":0},"skip":true},"13":{"start":{"line":4,"column":0},"end":{"line":4,"column":0}},"14":{"start":{"line":0,"column":0},"end":{"line":0,"column":0},"skip":true},"15":{"start":{"line":0,"column":0},"end":{"line":0,"column":0},"skip":true},"16":{"start":{"line":0,"column":0},"end":{"line":0,"column":0},"skip":true},"17":{"start":{"line":6,"column":0},"end":{"line":6,"column":0}},"18":{"start":{"line":12,"column":0},"end":{"line":12,"column":0}},"19":{"start":{"line":13,"column":1},"end":{"line":13,"column":1}},"20":{"start":{"line":14,"column":2},"end":{"line":14,"column":2}},"21":{"start":{"line":17,"column":1},"end":{"line":17,"column":1}},"22":{"start":{"line":18,"column":2},"end":{"line":18,"column":2}},"23":{"start":{"line":22,"column":1},"end":{"line":22,"column":1}},"24":{"start":{"line":23,"column":2},"end":{"line":23,"column":2}},"25":{"start":{"line":27,"column":1},"end":{"line":27,"column":1}},"26":{"start":{"line":28,"column":2},"end":{"line":28,"column":2}},"27":{"start":{"line":31,"column":2},"end":{"line":31,"column":2}},"28":{"start":{"line":34,"column":1},"end":{"line":34,"column":1}},"29":{"start":{"line":35,"column":2},"end":{"line":35,"column":2}},"30":{"start":{"line":39,"column":1},"end":{"line":39,"column":1}},"31":{"start":{"line":40,"column":2},"end":{"line":40,"column":2}},"32":{"start":{"line":43,"column":2},"end":{"line":43,"column":2}},"33":{"start":{"line":49,"column":2},"end":{"line":49,"column":2}}},"branchMap":{"1":{"line":3,"type":"binary-expr","locations":[{"start":{"line":0,"column":0},"end":{"line":0,"column":0},"skip":true},{"start":{"line":0,"column":0},"end":{"line":0,"column":0},"skip":true}]},"2":{"line":3,"type":"if","locations":[{"start":{"line":0,"column":0},"end":{"line":0,"column":0},"skip":true},{"start":{"line":0,"column":0},"end":{"line":0,"column":0},"skip":true}]},"3":{"line":19,"type":"cond-expr","locations":[{"start":{"line":0,"column":0},"end":{"line":0,"column":0},"skip":true},{"start":{"line":0,"column":0},"end":{"line":0,"column":0},"skip":true}]},"4":{"line":19,"type":"binary-expr","locations":[{"start":{"line":0,"column":0},"end":{"line":0,"column":0},"skip":true},{"start":{"line":0,"column":0},"end":{"line":0,"column":0},"skip":true}]}}}}